0:0:0:0:0:0:0:1 - - [10/May/2017:06:42:23 +0000] "POST //localhost:8082/api/login?username=User&password=pass1 HTTP/1.1" 200 0  138
0:0:0:0:0:0:0:1 - - [10/May/2017:06:42:34 +0000] "GET //localhost:8082/api/users/1 HTTP/1.1" 500 64401  208
0:0:0:0:0:0:0:1 - - [10/May/2017:06:43:30 +0000] "GET //localhost:8082/api/passport/4114611406 HTTP/1.1" 404 339  9
0:0:0:0:0:0:0:1 - - [10/May/2017:06:43:41 +0000] "GET //localhost:8082/api/passport/1 HTTP/1.1" 404 330  3
0:0:0:0:0:0:0:1 - - [10/May/2017:06:44:20 +0000] "GET //localhost:8082/api/companies/bilbo HTTP/1.1" 404 335  3
0:0:0:0:0:0:0:1 - - [10/May/2017:06:49:38 +0000] "GET //localhost:8082/api/users/1 HTTP/1.1" 401 0  53
0:0:0:0:0:0:0:1 - - [10/May/2017:06:49:52 +0000] "POST //localhost:8082/api/login?username=User&password=pass1 HTTP/1.1" 200 0  108
0:0:0:0:0:0:0:1 - - [10/May/2017:06:50:01 +0000] "GET //localhost:8082/api/users/1 HTTP/1.1" 500 64401  169
0:0:0:0:0:0:0:1 - - [10/May/2017:07:07:23 +0000] "POST //localhost:8082/api/login?username=User&password=pass1 HTTP/1.1" 200 0  136
0:0:0:0:0:0:0:1 - - [10/May/2017:07:07:30 +0000] "POST //localhost:8082/api/users/1 HTTP/1.1" 400 429  65
0:0:0:0:0:0:0:1 - - [10/May/2017:07:07:37 +0000] "GET //localhost:8082/api/users/1 HTTP/1.1" 500 64397  139
0:0:0:0:0:0:0:1 - - [10/May/2017:07:09:47 +0000] "POST //localhost:8082/api/login?username=User&password=pass1 HTTP/1.1" 200 0  130
0:0:0:0:0:0:0:1 - - [10/May/2017:07:09:53 +0000] "POST //localhost:8082/api/users/1 HTTP/1.1" 400 429  71
0:0:0:0:0:0:0:1 - - [10/May/2017:07:09:56 +0000] "GET //localhost:8082/api/users/1 HTTP/1.1" 500 64397  179
0:0:0:0:0:0:0:1 - - [10/May/2017:07:14:53 +0000] "POST //localhost:8082/api/login?username=User&password=pass1 HTTP/1.1" 200 0  138
0:0:0:0:0:0:0:1 - - [10/May/2017:07:14:59 +0000] "GET //localhost:8082/api/users/1 HTTP/1.1" 500 42832  141
0:0:0:0:0:0:0:1 - - [10/May/2017:07:26:05 +0000] "POST //localhost:8082/api/login?username=User&password=pass1 HTTP/1.1" 200 0  134
0:0:0:0:0:0:0:1 - - [10/May/2017:07:26:09 +0000] "GET //localhost:8082/api/users/1 HTTP/1.1" 500 42832  129
0:0:0:0:0:0:0:1 - - [10/May/2017:07:31:19 +0000] "POST //localhost:8082/api/login?username=User&password=pass1 HTTP/1.1" 200 0  140
0:0:0:0:0:0:0:1 - - [10/May/2017:07:31:30 +0000] "GET //localhost:8082/api/users/1 HTTP/1.1" 500 42787  166
0:0:0:0:0:0:0:1 - - [10/May/2017:07:39:57 +0000] "POST //localhost:8082/api/login?username=User&password=pass1 HTTP/1.1" 200 0  138
0:0:0:0:0:0:0:1 - - [10/May/2017:07:40:01 +0000] "GET //localhost:8082/api/users/1 HTTP/1.1" 500 64473  193
0:0:0:0:0:0:0:1 - - [10/May/2017:07:41:47 +0000] "POST //localhost:8082/api/login?username=User&password=pass1 HTTP/1.1" 200 0  136
0:0:0:0:0:0:0:1 - - [10/May/2017:07:41:50 +0000] "GET //localhost:8082/api/users/1 HTTP/1.1" 500 42787  147
0:0:0:0:0:0:0:1 - - [10/May/2017:07:45:10 +0000] "POST //localhost:8082/api/login?username=User&password=pass1 HTTP/1.1" 200 0  149
0:0:0:0:0:0:0:1 - - [10/May/2017:07:45:14 +0000] "GET //localhost:8082/api/users/1 HTTP/1.1" 500 42787  193
0:0:0:0:0:0:0:1 - - [10/May/2017:07:51:48 +0000] "POST //localhost:8082/api/login?username=User&password=pass1 HTTP/1.1" 200 0  143
0:0:0:0:0:0:0:1 - - [10/May/2017:07:51:52 +0000] "GET //localhost:8082/api/users/1 HTTP/1.1" 500 42787  140
0:0:0:0:0:0:0:1 - - [10/May/2017:07:57:42 +0000] "POST //localhost:8082/api/login?username=User&password=pass1 HTTP/1.1" 200 0  138
0:0:0:0:0:0:0:1 - - [10/May/2017:07:57:45 +0000] "GET //localhost:8082/api/users/1 HTTP/1.1" 500 42787  174
0:0:0:0:0:0:0:1 - - [10/May/2017:08:00:31 +0000] "POST //localhost:8082/api/login?username=User&password=pass1 HTTP/1.1" 200 0  136
0:0:0:0:0:0:0:1 - - [10/May/2017:08:00:34 +0000] "GET //localhost:8082/api/users/1 HTTP/1.1" 500 42787  130
0:0:0:0:0:0:0:1 - - [10/May/2017:08:09:42 +0000] "POST //localhost:8082/api/login?username=User&password=pass1 HTTP/1.1" 200 0  138
0:0:0:0:0:0:0:1 - - [10/May/2017:08:09:45 +0000] "GET //localhost:8082/api/users/1 HTTP/1.1" 500 48103  144
0:0:0:0:0:0:0:1 - - [10/May/2017:08:15:52 +0000] "POST //localhost:8082/api/login?username=User&password=pass1 HTTP/1.1" 200 0  138
0:0:0:0:0:0:0:1 - - [10/May/2017:08:15:55 +0000] "GET //localhost:8082/api/users/1 HTTP/1.1" 500 64397  140
0:0:0:0:0:0:0:1 - - [10/May/2017:08:19:28 +0000] "POST //localhost:8082/api/login?username=User&password=pass1 HTTP/1.1" 200 0  152
0:0:0:0:0:0:0:1 - - [10/May/2017:08:24:01 +0000] "GET //localhost:8082/api/users/1 HTTP/1.1" 500 64397  5091
0:0:0:0:0:0:0:1 - - [10/May/2017:09:04:11 +0000] "POST //localhost:8082/api/login?username=User&password=pass1 HTTP/1.1" 200 0  156
0:0:0:0:0:0:0:1 - - [10/May/2017:09:04:14 +0000] "GET //localhost:8082/api/users/1 HTTP/1.1" 200 99  245
0:0:0:0:0:0:0:1 - - [10/May/2017:09:04:36 +0000] "GET //localhost:8082/api/passport/1 HTTP/1.1" 404 330  5
0:0:0:0:0:0:0:1 - - [10/May/2017:09:05:00 +0000] "GET //localhost:8082/api/passport/123456 HTTP/1.1" 404 335  3
0:0:0:0:0:0:0:1 - - [10/May/2017:09:05:13 +0000] "GET //localhost:8082/api/passport/1234567 HTTP/1.1" 404 336  2
0:0:0:0:0:0:0:1 - - [10/May/2017:09:05:19 +0000] "GET //localhost:8082/api/passport/2 HTTP/1.1" 404 330  2
0:0:0:0:0:0:0:1 - - [10/May/2017:09:09:11 +0000] "POST //localhost:8082/api/login?username=User&password=pass1 HTTP/1.1" 200 0  163
0:0:0:0:0:0:0:1 - - [10/May/2017:09:09:13 +0000] "GET //localhost:8082/api/users/1 HTTP/1.1" 200 99  6047
0:0:0:0:0:0:0:1 - - [10/May/2017:09:09:31 +0000] "GET //localhost:8082/api/passport/1 HTTP/1.1" 404 330  6
0:0:0:0:0:0:0:1 - - [10/May/2017:09:09:58 +0000] "GET //localhost:8082/api/users/passport/1 HTTP/1.1" 404 0  3958
0:0:0:0:0:0:0:1 - - [10/May/2017:09:10:08 +0000] "GET //localhost:8082/api/users/passport/123456 HTTP/1.1" 200 100  482
0:0:0:0:0:0:0:1 - - [10/May/2017:09:10:27 +0000] "GET //localhost:8082/api/users/passport/1234567 HTTP/1.1" 200 99  7
0:0:0:0:0:0:0:1 - - [10/May/2017:09:15:14 +0000] "POST //localhost:8082/api/login?username=User&password=pass1 HTTP/1.1" 200 0  131
0:0:0:0:0:0:0:1 - - [10/May/2017:09:15:41 +0000] "GET //localhost:8082/api/users/companies/Damn HTTP/1.1" 200 101  169
0:0:0:0:0:0:0:1 - - [10/May/2017:09:17:32 +0000] "POST //localhost:8082/api/login?username=User&password=pass1 HTTP/1.1" 200 0  137
0:0:0:0:0:0:0:1 - - [10/May/2017:09:17:36 +0000] "GET //localhost:8082/api/users/companies/Damn HTTP/1.1" 200 127847  333
0:0:0:0:0:0:0:1 - - [10/May/2017:09:18:19 +0000] "POST //localhost:8082/api/login?username=User&password=pass1 HTTP/1.1" 200 0  143
0:0:0:0:0:0:0:1 - - [10/May/2017:09:18:22 +0000] "GET //localhost:8082/api/users/companies/Damn HTTP/1.1" 200 101  252
0:0:0:0:0:0:0:1 - - [10/May/2017:09:18:54 +0000] "POST //localhost:8082/api/login?username=User&password=pass1 HTTP/1.1" 200 0  137
0:0:0:0:0:0:0:1 - - [10/May/2017:09:18:57 +0000] "GET //localhost:8082/api/users/companies/Damn HTTP/1.1" 200 127847  282
0:0:0:0:0:0:0:1 - - [10/May/2017:09:39:34 +0000] "POST //localhost:8082/api/login?username=User&password=pass1 HTTP/1.1" 200 0  136
0:0:0:0:0:0:0:1 - - [10/May/2017:09:40:00 +0000] "POST //localhost:8082/api/login?username=User&password=pass1 HTTP/1.1" 200 0  105
0:0:0:0:0:0:0:1 - - [10/May/2017:09:40:20 +0000] "GET //localhost:8082/api/users/passport/1234567 HTTP/1.1" 200 99  219
0:0:0:0:0:0:0:1 - - [10/May/2017:10:09:31 +0000] "POST //localhost:8082/api/login?username=User&password=pass1 HTTP/1.1" 200 0  138
0:0:0:0:0:0:0:1 - - [10/May/2017:10:09:43 +0000] "GET //localhost:8082/api/users/1 HTTP/1.1" 200 99  263
0:0:0:0:0:0:0:1 - - [10/May/2017:10:12:28 +0000] "POST //localhost:8082/api/users/1 HTTP/1.1" 400 429  11
0:0:0:0:0:0:0:1 - - [10/May/2017:10:13:02 +0000] "POST //localhost:8082/api/users/1 HTTP/1.1" 400 429  3
0:0:0:0:0:0:0:1 - - [10/May/2017:10:15:12 +0000] "POST //localhost:8082/api/login?username=User&password=pass1 HTTP/1.1" 200 0  136
0:0:0:0:0:0:0:1 - - [10/May/2017:10:15:16 +0000] "GET //localhost:8082/api/users/1 HTTP/1.1" 200 99  221
0:0:0:0:0:0:0:1 - - [10/May/2017:10:15:32 +0000] "POST //localhost:8082/api/users HTTP/1.1" 500 16619  80
0:0:0:0:0:0:0:1 - - [10/May/2017:10:15:54 +0000] "POST //localhost:8082/api/users HTTP/1.1" 500 16619  20
0:0:0:0:0:0:0:1 - - [10/May/2017:10:16:21 +0000] "POST //localhost:8082/api/users HTTP/1.1" 500 16619  8
0:0:0:0:0:0:0:1 - - [10/May/2017:10:17:16 +0000] "POST //localhost:8082/api/login?username=User&password=pass1 HTTP/1.1" 200 0  154
0:0:0:0:0:0:0:1 - - [10/May/2017:10:17:23 +0000] "POST //localhost:8082/api/users HTTP/1.1" 500 16619  153756
0:0:0:0:0:0:0:1 - - [10/May/2017:10:20:06 +0000] "POST //localhost:8082/api/users HTTP/1.1" 500 16619  2719
0:0:0:0:0:0:0:1 - - [10/May/2017:10:20:13 +0000] "POST //localhost:8082/api/users HTTP/1.1" 500 16619  9834
0:0:0:0:0:0:0:1 - - [10/May/2017:10:21:28 +0000] "POST //localhost:8082/api/login?username=User&password=pass1 HTTP/1.1" 200 0  139
0:0:0:0:0:0:0:1 - - [10/May/2017:10:21:33 +0000] "POST //localhost:8082/api/users HTTP/1.1" 201 0  308
0:0:0:0:0:0:0:1 - - [10/May/2017:10:48:15 +0000] "POST //localhost:8082/api/login?username=User&password=pass1 HTTP/1.1" 200 0  164
0:0:0:0:0:0:0:1 - - [10/May/2017:10:48:20 +0000] "GET //localhost:8082/api/users/1 HTTP/1.1" 200 173  212
0:0:0:0:0:0:0:1 - - [10/May/2017:10:48:31 +0000] "POST //localhost:8082/api/users HTTP/1.1" 201 0  233
0:0:0:0:0:0:0:1 - - [10/May/2017:12:56:56 +0000] "POST //localhost:8082/api/login?username=User&password=pass1 HTTP/1.1" 200 0  135
0:0:0:0:0:0:0:1 - - [10/May/2017:12:57:21 +0000] "GET //localhost:8082/api/users/group/fbgi/1 HTTP/1.1" 200 4  140
0:0:0:0:0:0:0:1 - - [10/May/2017:12:57:52 +0000] "GET //localhost:8082/api/users/group/fbgn/Pony HTTP/1.1" 200 4  17
0:0:0:0:0:0:0:1 - - [10/May/2017:12:58:29 +0000] "GET //localhost:8082/api/users/group/fbui/1 HTTP/1.1" 500 57224  96
0:0:0:0:0:0:0:1 - - [10/May/2017:12:58:41 +0000] "GET //localhost:8082/api/users/group/fbui/2 HTTP/1.1" 500 57224  27
0:0:0:0:0:0:0:1 - - [10/May/2017:12:59:33 +0000] "POST //localhost:8082/api/login?username=User&password=pass1 HTTP/1.1" 200 0  141
0:0:0:0:0:0:0:1 - - [10/May/2017:12:59:37 +0000] "GET //localhost:8082/api/users/group/fbgi/1 HTTP/1.1" 200 4  224
0:0:0:0:0:0:0:1 - - [10/May/2017:12:59:40 +0000] "GET //localhost:8082/api/users/group/fbgn/Pony HTTP/1.1" 200 4  23
0:0:0:0:0:0:0:1 - - [10/May/2017:12:59:43 +0000] "GET //localhost:8082/api/users/group/fbui/1 HTTP/1.1" 500 57220  87
0:0:0:0:0:0:0:1 - - [10/May/2017:13:00:20 +0000] "POST //localhost:8082/api/login?username=User&password=pass1 HTTP/1.1" 200 0  134
0:0:0:0:0:0:0:1 - - [10/May/2017:13:00:24 +0000] "GET //localhost:8082/api/users/group/fbgi/1 HTTP/1.1" 200 4  243
0:0:0:0:0:0:0:1 - - [10/May/2017:13:00:26 +0000] "GET //localhost:8082/api/users/group/fbgn/Pony HTTP/1.1" 200 4  16
0:0:0:0:0:0:0:1 - - [10/May/2017:13:00:27 +0000] "GET //localhost:8082/api/users/group/fbui/1 HTTP/1.1" 200 7  32
0:0:0:0:0:0:0:1 - - [10/May/2017:13:00:29 +0000] "GET //localhost:8082/api/users/group/fbui/2 HTTP/1.1" 200 4  5
0:0:0:0:0:0:0:1 - - [10/May/2017:13:01:18 +0000] "POST //localhost:8082/api/login?username=User&password=pass1 HTTP/1.1" 200 0  129
0:0:0:0:0:0:0:1 - - [10/May/2017:13:01:22 +0000] "GET //localhost:8082/api/users/group/fbgi/1 HTTP/1.1" 200 4  151
0:0:0:0:0:0:0:1 - - [10/May/2017:13:01:26 +0000] "GET //localhost:8082/api/users/group/fbgn/Pony HTTP/1.1" 200 4  13
0:0:0:0:0:0:0:1 - - [10/May/2017:13:01:31 +0000] "GET //localhost:8082/api/users/group/fbui/1 HTTP/1.1" 200 7  34
0:0:0:0:0:0:0:1 - - [10/May/2017:13:01:39 +0000] "GET //localhost:8082/api/users/group/fbui/2 HTTP/1.1" 200 4  9
0:0:0:0:0:0:0:1 - - [10/May/2017:13:02:51 +0000] "POST //localhost:8082/api/login?username=User&password=pass1 HTTP/1.1" 200 0  135
0:0:0:0:0:0:0:1 - - [10/May/2017:13:02:55 +0000] "GET //localhost:8082/api/users/group/fbgi/1 HTTP/1.1" 500 31700  295
0:0:0:0:0:0:0:1 - - [10/May/2017:13:04:13 +0000] "POST //localhost:8082/api/login?username=User&password=pass1 HTTP/1.1" 200 0  138
0:0:0:0:0:0:0:1 - - [10/May/2017:13:04:15 +0000] "GET //localhost:8082/api/users/group/fbgi/1 HTTP/1.1" 200 403  291
0:0:0:0:0:0:0:1 - - [10/May/2017:13:04:30 +0000] "GET //localhost:8082/api/users/group/fbgn/Pony HTTP/1.1" 200 403  19
0:0:0:0:0:0:0:1 - - [10/May/2017:13:04:40 +0000] "GET //localhost:8082/api/users/group/fbgi/1 HTTP/1.1" 200 403  18
0:0:0:0:0:0:0:1 - - [10/May/2017:13:04:44 +0000] "GET //localhost:8082/api/users/group/fbui/1 HTTP/1.1" 200 628  46
0:0:0:0:0:0:0:1 - - [10/May/2017:13:04:53 +0000] "GET //localhost:8082/api/users/group/fbui/2 HTTP/1.1" 200 403  20
0:0:0:0:0:0:0:1 - - [10/May/2017:13:05:22 +0000] "GET //localhost:8082/api/users/group/fbgi/2 HTTP/1.1" 200 226  11
0:0:0:0:0:0:0:1 - - [10/May/2017:13:05:30 +0000] "GET //localhost:8082/api/users/group/fbgi/1 HTTP/1.1" 200 403  8
0:0:0:0:0:0:0:1 - - [10/May/2017:13:06:17 +0000] "GET //localhost:8082/api/users/group/fbgi/1 HTTP/1.1" 200 403  14
0:0:0:0:0:0:0:1 - - [10/May/2017:13:06:27 +0000] "GET //localhost:8082/api/users/group/fbgn/Pony HTTP/1.1" 200 403  7
0:0:0:0:0:0:0:1 - - [10/May/2017:13:06:32 +0000] "GET //localhost:8082/api/users/group/fbgn/Devils HTTP/1.1" 200 226  7
0:0:0:0:0:0:0:1 - - [10/May/2017:13:06:47 +0000] "GET //localhost:8082/api/users/group/fbui/1 HTTP/1.1" 200 628  12
0:0:0:0:0:0:0:1 - - [10/May/2017:13:08:10 +0000] "GET //localhost:8082/api/users/group/fbui/3 HTTP/1.1" 200 2  7
0:0:0:0:0:0:0:1 - - [10/May/2017:13:08:13 +0000] "GET //localhost:8082/api/users/group/fbui/1 HTTP/1.1" 200 628  10
0:0:0:0:0:0:0:1 - - [10/May/2017:13:08:20 +0000] "GET //localhost:8082/api/users/group/fbgi/2 HTTP/1.1" 200 226  7
0:0:0:0:0:0:0:1 - - [10/May/2017:13:08:24 +0000] "GET //localhost:8082/api/users/group/fbgn/Devils HTTP/1.1" 200 226  6
0:0:0:0:0:0:0:1 - - [10/May/2017:13:09:33 +0000] "GET //localhost:8082/api/users/group/fbgn/Devils HTTP/1.1" 200 226  7
0:0:0:0:0:0:0:1 - - [10/May/2017:13:11:34 +0000] "POST //localhost:8082/api/login HTTP/1.1" 401 0  105
0:0:0:0:0:0:0:1 - - [10/May/2017:13:11:50 +0000] "POST //localhost:8082/api/login HTTP/1.1" 200 0  99
0:0:0:0:0:0:0:1 - - [10/May/2017:13:12:08 +0000] "POST //localhost:8082/api/login HTTP/1.1" 200 0  106
0:0:0:0:0:0:0:1 - - [10/May/2017:13:12:51 +0000] "POST //localhost:8082/api/logout HTTP/1.1" 302 0  2
0:0:0:0:0:0:0:1 - - [10/May/2017:13:12:59 +0000] "GET //localhost:8082/api/users/1 HTTP/1.1" 401 0  7
0:0:0:0:0:0:0:1 - - [10/May/2017:13:13:01 +0000] "POST //localhost:8082/api/login HTTP/1.1" 200 0  102
0:0:0:0:0:0:0:1 - - [10/May/2017:13:13:03 +0000] "GET //localhost:8082/api/users/1 HTTP/1.1" 200 173  14
0:0:0:0:0:0:0:1 - - [10/May/2017:13:20:43 +0000] "POST //localhost:8082/api/login HTTP/1.1" 200 0  150
0:0:0:0:0:0:0:1 - - [10/May/2017:13:20:45 +0000] "GET //localhost:8082/api/users/1 HTTP/1.1" 200 173  235
0:0:0:0:0:0:0:1 - - [10/May/2017:13:21:24 +0000] "POST //localhost:8082/api/login HTTP/1.1" 200 0  145
0:0:0:0:0:0:0:1 - - [10/May/2017:13:21:26 +0000] "GET //localhost:8082/api/users/1 HTTP/1.1" 500 30615  271
0:0:0:0:0:0:0:1 - - [10/May/2017:13:22:01 +0000] "POST //localhost:8082/api/login HTTP/1.1" 200 0  154
0:0:0:0:0:0:0:1 - - [10/May/2017:13:22:03 +0000] "GET //localhost:8082/api/users/1 HTTP/1.1" 200 167649  385
0:0:0:0:0:0:0:1 - - [10/May/2017:13:23:01 +0000] "POST //localhost:8082/api/login HTTP/1.1" 200 0  156
0:0:0:0:0:0:0:1 - - [10/May/2017:13:23:02 +0000] "GET //localhost:8082/api/users/1 HTTP/1.1" 500 30615  307
0:0:0:0:0:0:0:1 - - [10/May/2017:13:25:07 +0000] "POST //localhost:8082/api/login HTTP/1.1" 200 0  150
0:0:0:0:0:0:0:1 - - [10/May/2017:13:25:08 +0000] "GET //localhost:8082/api/users/1 HTTP/1.1" 200 245  222
0:0:0:0:0:0:0:1 - - [10/May/2017:13:26:08 +0000] "POST //localhost:8082/api/login HTTP/1.1" 200 0  144
0:0:0:0:0:0:0:1 - - [10/May/2017:13:26:10 +0000] "GET //localhost:8082/api/users/1 HTTP/1.1" 200 167649  306
0:0:0:0:0:0:0:1 - - [10/May/2017:13:27:18 +0000] "POST //localhost:8082/api/login HTTP/1.1" 200 0  150
0:0:0:0:0:0:0:1 - - [10/May/2017:13:27:20 +0000] "GET //localhost:8082/api/users/1 HTTP/1.1" 200 167649  370
0:0:0:0:0:0:0:1 - - [10/May/2017:13:27:42 +0000] "POST //localhost:8082/api/login HTTP/1.1" 200 0  146
0:0:0:0:0:0:0:1 - - [10/May/2017:13:27:44 +0000] "GET //localhost:8082/api/users/1 HTTP/1.1" 200 341  339
0:0:0:0:0:0:0:1 - - [10/May/2017:13:30:15 +0000] "POST //localhost:8082/api/login HTTP/1.1" 200 0  166
0:0:0:0:0:0:0:1 - - [10/May/2017:13:30:17 +0000] "GET //localhost:8082/api/users/1 HTTP/1.1" 200 341  289
0:0:0:0:0:0:0:1 - - [10/May/2017:13:31:03 +0000] "POST //localhost:8082/api/login HTTP/1.1" 200 0  139
0:0:0:0:0:0:0:1 - - [10/May/2017:13:31:05 +0000] "GET //localhost:8082/api/users/1 HTTP/1.1" 200 466  300
0:0:0:0:0:0:0:1 - - [10/May/2017:13:32:49 +0000] "POST //localhost:8082/api/users/ HTTP/1.1" 415 352  60
0:0:0:0:0:0:0:1 - - [10/May/2017:13:33:36 +0000] "POST //localhost:8082/api/users/ HTTP/1.1" 415 352  12
0:0:0:0:0:0:0:1 - - [10/May/2017:13:33:51 +0000] "POST //localhost:8082/api/users/ HTTP/1.1" 415 352  2
0:0:0:0:0:0:0:1 - - [10/May/2017:13:34:04 +0000] "POST //localhost:8082/api/users/ HTTP/1.1" 415 352  2
0:0:0:0:0:0:0:1 - - [10/May/2017:13:34:47 +0000] "POST //localhost:8082/api/users HTTP/1.1" 415 351  2
0:0:0:0:0:0:0:1 - - [10/May/2017:13:35:53 +0000] "POST //localhost:8082/api/users HTTP/1.1" 415 351  2
0:0:0:0:0:0:0:1 - - [10/May/2017:13:35:57 +0000] "POST //localhost:8082/api/users HTTP/1.1" 415 351  3
0:0:0:0:0:0:0:1 - - [10/May/2017:13:36:12 +0000] "POST //localhost:8082/api/users HTTP/1.1" 415 351  2
0:0:0:0:0:0:0:1 - - [10/May/2017:13:36:20 +0000] "POST //localhost:8082/api/users HTTP/1.1" 415 351  2
0:0:0:0:0:0:0:1 - - [10/May/2017:13:36:45 +0000] "POST //localhost:8082/api/users HTTP/1.1" 415 351  6
0:0:0:0:0:0:0:1 - - [10/May/2017:13:36:52 +0000] "POST //localhost:8082/api/users HTTP/1.1" 415 351  6
0:0:0:0:0:0:0:1 - - [10/May/2017:13:36:58 +0000] "POST //localhost:8082/api/users HTTP/1.1" 415 351  4
0:0:0:0:0:0:0:1 - - [10/May/2017:13:37:12 +0000] "POST //localhost:8082/api/users HTTP/1.1" 415 351  4
0:0:0:0:0:0:0:1 - - [10/May/2017:13:40:16 +0000] "POST //localhost:8082/api/login HTTP/1.1" 200 0  130
0:0:0:0:0:0:0:1 - - [10/May/2017:13:40:39 +0000] "POST //localhost:8082/api/users HTTP/1.1" 415 351  65
0:0:0:0:0:0:0:1 - - [10/May/2017:13:40:49 +0000] "POST //localhost:8082/api/users HTTP/1.1" 415 351  70
0:0:0:0:0:0:0:1 - - [10/May/2017:13:40:56 +0000] "POST //localhost:8082/api/users HTTP/1.1" 415 351  5
0:0:0:0:0:0:0:1 - - [10/May/2017:13:41:14 +0000] "POST //localhost:8082/api/users HTTP/1.1" 415 351  2
0:0:0:0:0:0:0:1 - - [10/May/2017:13:41:23 +0000] "POST //localhost:8082/api/users HTTP/1.1" 415 351  3
0:0:0:0:0:0:0:1 - - [10/May/2017:13:42:01 +0000] "POST //localhost:8082/api/users HTTP/1.1" 415 351  4
0:0:0:0:0:0:0:1 - - [10/May/2017:13:42:38 +0000] "POST //localhost:8082/api/users HTTP/1.1" 401 0  60
0:0:0:0:0:0:0:1 - - [10/May/2017:13:42:43 +0000] "POST //localhost:8082/api/login HTTP/1.1" 200 0  120
0:0:0:0:0:0:0:1 - - [10/May/2017:13:43:02 +0000] "POST //localhost:8082/api/users HTTP/1.1" 415 351  82
0:0:0:0:0:0:0:1 - - [10/May/2017:13:43:51 +0000] "POST //localhost:8082/api/login HTTP/1.1" 200 0  150
0:0:0:0:0:0:0:1 - - [10/May/2017:13:43:59 +0000] "POST //localhost:8082/api/users/ HTTP/1.1" 415 352  56
0:0:0:0:0:0:0:1 - - [10/May/2017:13:44:31 +0000] "POST //localhost:8082/api/users HTTP/1.1" 415 351  47
0:0:0:0:0:0:0:1 - - [10/May/2017:13:45:19 +0000] "POST //localhost:8082/api/login HTTP/1.1" 200 0  134
0:0:0:0:0:0:0:1 - - [10/May/2017:13:45:38 +0000] "POST //localhost:8082/api/users HTTP/1.1" 415 351  109
0:0:0:0:0:0:0:1 - - [10/May/2017:13:47:32 +0000] "GET //localhost:8082/api/users/1 HTTP/1.1" 200 245  176
0:0:0:0:0:0:0:1 - - [10/May/2017:13:48:24 +0000] "POST //localhost:8082/api/login HTTP/1.1" 200 0  145
0:0:0:0:0:0:0:1 - - [10/May/2017:13:48:26 +0000] "GET //localhost:8082/api/users/1 HTTP/1.1" 200 466  297
0:0:0:0:0:0:0:1 - - [10/May/2017:13:52:38 +0000] "POST //localhost:8082/api/login HTTP/1.1" 200 0  147
0:0:0:0:0:0:0:1 - - [10/May/2017:13:52:42 +0000] "GET //localhost:8082/api/users/1 HTTP/1.1" 200 466  279
0:0:0:0:0:0:0:1 - - [10/May/2017:13:52:59 +0000] "POST //localhost:8082/api/users/ HTTP/1.1" 415 352  54
0:0:0:0:0:0:0:1 - - [10/May/2017:13:54:00 +0000] "POST //localhost:8082/api/login HTTP/1.1" 200 0  140
0:0:0:0:0:0:0:1 - - [10/May/2017:13:54:02 +0000] "GET //localhost:8082/api/users/1 HTTP/1.1" 200 466  243
0:0:0:0:0:0:0:1 - - [10/May/2017:13:54:12 +0000] "POST //localhost:8082/api/users/ HTTP/1.1" 415 352  53
0:0:0:0:0:0:0:1 - - [10/May/2017:13:54:56 +0000] "POST //localhost:8082/api/login HTTP/1.1" 200 0  142
0:0:0:0:0:0:0:1 - - [10/May/2017:13:54:59 +0000] "POST //localhost:8082/api/users/ HTTP/1.1" 415 352  109
0:0:0:0:0:0:0:1 - - [10/May/2017:13:55:50 +0000] "POST //localhost:8082/api/login HTTP/1.1" 200 0  143
0:0:0:0:0:0:0:1 - - [10/May/2017:13:55:53 +0000] "POST //localhost:8082/api/users/ HTTP/1.1" 415 352  114
0:0:0:0:0:0:0:1 - - [10/May/2017:13:56:34 +0000] "POST //localhost:8082/api/login HTTP/1.1" 200 0  138
0:0:0:0:0:0:0:1 - - [10/May/2017:13:56:37 +0000] "POST //localhost:8082/api/users/ HTTP/1.1" 415 352  116
0:0:0:0:0:0:0:1 - - [10/May/2017:13:57:45 +0000] "POST //localhost:8082/api/login HTTP/1.1" 200 0  151
0:0:0:0:0:0:0:1 - - [10/May/2017:13:57:47 +0000] "POST //localhost:8082/api/users/ HTTP/1.1" 415 352  125
0:0:0:0:0:0:0:1 - - [10/May/2017:13:58:58 +0000] "POST //localhost:8082/api/login HTTP/1.1" 200 0  141
0:0:0:0:0:0:0:1 - - [10/May/2017:13:59:00 +0000] "POST //localhost:8082/api/users/ HTTP/1.1" 415 352  157
0:0:0:0:0:0:0:1 - - [10/May/2017:13:59:27 +0000] "POST //localhost:8082/api/login HTTP/1.1" 200 0  138
0:0:0:0:0:0:0:1 - - [10/May/2017:13:59:30 +0000] "GET //localhost:8082/api/users/1 HTTP/1.1" 200 341  280
0:0:0:0:0:0:0:1 - - [10/May/2017:13:59:37 +0000] "POST //localhost:8082/api/users/ HTTP/1.1" 415 352  51
0:0:0:0:0:0:0:1 - - [10/May/2017:14:00:34 +0000] "POST //localhost:8082/api/login HTTP/1.1" 200 0  144
0:0:0:0:0:0:0:1 - - [10/May/2017:14:00:37 +0000] "GET //localhost:8082/api/users/1 HTTP/1.1" 200 245  294
0:0:0:0:0:0:0:1 - - [10/May/2017:14:00:43 +0000] "POST //localhost:8082/api/users/ HTTP/1.1" 415 352  59
0:0:0:0:0:0:0:1 - - [10/May/2017:14:01:26 +0000] "POST //localhost:8082/api/login HTTP/1.1" 200 0  137
0:0:0:0:0:0:0:1 - - [10/May/2017:14:01:28 +0000] "GET //localhost:8082/api/users/1 HTTP/1.1" 200 245  232
0:0:0:0:0:0:0:1 - - [10/May/2017:14:01:32 +0000] "POST //localhost:8082/api/users/ HTTP/1.1" 415 352  68
0:0:0:0:0:0:0:1 - - [10/May/2017:14:02:33 +0000] "POST //localhost:8082/api/login HTTP/1.1" 200 0  140
0:0:0:0:0:0:0:1 - - [10/May/2017:14:02:37 +0000] "GET //localhost:8082/api/users/1 HTTP/1.1" 200 245  213
0:0:0:0:0:0:0:1 - - [10/May/2017:14:02:40 +0000] "POST //localhost:8082/api/users/ HTTP/1.1" 415 352  46
0:0:0:0:0:0:0:1 - - [10/May/2017:14:03:23 +0000] "POST //localhost:8082/api/login HTTP/1.1" 200 0  139
0:0:0:0:0:0:0:1 - - [10/May/2017:14:03:25 +0000] "GET //localhost:8082/api/users/1 HTTP/1.1" 200 245  220
0:0:0:0:0:0:0:1 - - [10/May/2017:14:03:29 +0000] "POST //localhost:8082/api/users/ HTTP/1.1" 415 352  59
0:0:0:0:0:0:0:1 - - [10/May/2017:14:04:37 +0000] "POST //localhost:8082/api/login HTTP/1.1" 200 0  142
0:0:0:0:0:0:0:1 - - [10/May/2017:14:04:39 +0000] "POST //localhost:8082/api/users/ HTTP/1.1" 415 352  128
0:0:0:0:0:0:0:1 - - [10/May/2017:14:05:02 +0000] "POST //localhost:8082/api/login HTTP/1.1" 200 0  146
0:0:0:0:0:0:0:1 - - [10/May/2017:14:05:04 +0000] "GET //localhost:8082/api/users/1 HTTP/1.1" 200 167933  392
0:0:0:0:0:0:0:1 - - [10/May/2017:14:05:30 +0000] "POST //localhost:8082/api/login HTTP/1.1" 200 0  157
0:0:0:0:0:0:0:1 - - [10/May/2017:14:05:31 +0000] "GET //localhost:8082/api/users/1 HTTP/1.1" 200 341  203
0:0:0:0:0:0:0:1 - - [10/May/2017:14:05:35 +0000] "POST //localhost:8082/api/users/ HTTP/1.1" 415 352  50
0:0:0:0:0:0:0:1 - - [10/May/2017:14:06:22 +0000] "POST //localhost:8082/api/login HTTP/1.1" 200 0  140
0:0:0:0:0:0:0:1 - - [10/May/2017:14:06:24 +0000] "GET //localhost:8082/api/users/1 HTTP/1.1" 200 341  285
0:0:0:0:0:0:0:1 - - [10/May/2017:14:06:28 +0000] "POST //localhost:8082/api/users/ HTTP/1.1" 415 352  52
0:0:0:0:0:0:0:1 - - [10/May/2017:14:06:58 +0000] "POST //localhost:8082/api/login HTTP/1.1" 200 0  142
0:0:0:0:0:0:0:1 - - [10/May/2017:14:07:00 +0000] "GET //localhost:8082/api/users/1 HTTP/1.1" 200 341  202
0:0:0:0:0:0:0:1 - - [10/May/2017:14:07:03 +0000] "POST //localhost:8082/api/users/ HTTP/1.1" 415 352  47
0:0:0:0:0:0:0:1 - - [10/May/2017:14:07:36 +0000] "POST //localhost:8082/api/login HTTP/1.1" 200 0  146
0:0:0:0:0:0:0:1 - - [10/May/2017:14:07:38 +0000] "GET //localhost:8082/api/users/1 HTTP/1.1" 200 341  321
0:0:0:0:0:0:0:1 - - [10/May/2017:14:07:41 +0000] "POST //localhost:8082/api/users/ HTTP/1.1" 415 352  58
0:0:0:0:0:0:0:1 - - [10/May/2017:14:08:24 +0000] "POST //localhost:8082/api/login HTTP/1.1" 200 0  146
0:0:0:0:0:0:0:1 - - [10/May/2017:14:08:25 +0000] "GET //localhost:8082/api/users/1 HTTP/1.1" 200 341  274
0:0:0:0:0:0:0:1 - - [10/May/2017:14:08:28 +0000] "POST //localhost:8082/api/users/ HTTP/1.1" 415 352  52
0:0:0:0:0:0:0:1 - - [10/May/2017:14:09:08 +0000] "POST //localhost:8082/api/login HTTP/1.1" 200 0  139
0:0:0:0:0:0:0:1 - - [10/May/2017:14:09:10 +0000] "GET //localhost:8082/api/users/1 HTTP/1.1" 200 341  331
0:0:0:0:0:0:0:1 - - [10/May/2017:14:09:14 +0000] "POST //localhost:8082/api/users/ HTTP/1.1" 415 352  49
0:0:0:0:0:0:0:1 - - [10/May/2017:14:09:51 +0000] "POST //localhost:8082/api/login HTTP/1.1" 200 0  151
0:0:0:0:0:0:0:1 - - [10/May/2017:14:09:52 +0000] "GET //localhost:8082/api/users/1 HTTP/1.1" 200 245  220
0:0:0:0:0:0:0:1 - - [10/May/2017:14:10:02 +0000] "POST //localhost:8082/api/users/ HTTP/1.1" 415 352  57
0:0:0:0:0:0:0:1 - - [10/May/2017:14:10:34 +0000] "POST //localhost:8082/api/login HTTP/1.1" 200 0  143
0:0:0:0:0:0:0:1 - - [10/May/2017:14:10:36 +0000] "GET //localhost:8082/api/users/1 HTTP/1.1" 200 245  207
0:0:0:0:0:0:0:1 - - [10/May/2017:14:10:39 +0000] "POST //localhost:8082/api/users/ HTTP/1.1" 415 352  57
0:0:0:0:0:0:0:1 - - [10/May/2017:14:11:21 +0000] "POST //localhost:8082/api/login HTTP/1.1" 200 0  144
0:0:0:0:0:0:0:1 - - [10/May/2017:14:11:25 +0000] "GET //localhost:8082/api/users/1 HTTP/1.1" 200 245  286
0:0:0:0:0:0:0:1 - - [10/May/2017:14:11:31 +0000] "POST //localhost:8082/api/users/ HTTP/1.1" 415 352  68
0:0:0:0:0:0:0:1 - - [10/May/2017:14:12:07 +0000] "POST //localhost:8082/api/login HTTP/1.1" 200 0  145
0:0:0:0:0:0:0:1 - - [10/May/2017:14:12:10 +0000] "POST //localhost:8082/api/users/ HTTP/1.1" 415 352  153
0:0:0:0:0:0:0:1 - - [10/May/2017:14:12:47 +0000] "POST //localhost:8082/api/login HTTP/1.1" 200 0  135
0:0:0:0:0:0:0:1 - - [10/May/2017:14:12:50 +0000] "POST //localhost:8082/api/users/ HTTP/1.1" 415 352  147
0:0:0:0:0:0:0:1 - - [10/May/2017:14:14:11 +0000] "POST //localhost:8082/api/login HTTP/1.1" 200 0  139
0:0:0:0:0:0:0:1 - - [10/May/2017:14:14:13 +0000] "GET //localhost:8082/api/users/1 HTTP/1.1" 200 245  347
0:0:0:0:0:0:0:1 - - [10/May/2017:14:14:18 +0000] "POST //localhost:8082/api/users/ HTTP/1.1" 415 352  51
0:0:0:0:0:0:0:1 - - [10/May/2017:14:19:23 +0000] "POST //localhost:8082/api/login HTTP/1.1" 200 0  135
0:0:0:0:0:0:0:1 - - [10/May/2017:14:19:24 +0000] "GET //localhost:8082/api/users/1 HTTP/1.1" 200 932  293
0:0:0:0:0:0:0:1 - - [10/May/2017:14:19:45 +0000] "POST //localhost:8082/api/users/ HTTP/1.1" 201 0  244
0:0:0:0:0:0:0:1 - - [10/May/2017:14:20:40 +0000] "GET //localhost:8082/api/users/3 HTTP/1.1" 200 208  22
0:0:0:0:0:0:0:1 - - [10/May/2017:14:23:12 +0000] "POST //localhost:8082/api/login HTTP/1.1" 200 0  143
0:0:0:0:0:0:0:1 - - [10/May/2017:14:23:14 +0000] "GET //localhost:8082/api/users/1 HTTP/1.1" 200 264  314
0:0:0:0:0:0:0:1 - - [10/May/2017:14:23:29 +0000] "POST //localhost:8082/api/users/ HTTP/1.1" 201 0  249
0:0:0:0:0:0:0:1 - - [10/May/2017:14:23:37 +0000] "GET //localhost:8082/api/users/3 HTTP/1.1" 200 208  28
0:0:0:0:0:0:0:1 - - [10/May/2017:14:25:23 +0000] "POST //localhost:8082/api/login HTTP/1.1" 200 0  148
0:0:0:0:0:0:0:1 - - [10/May/2017:14:25:25 +0000] "GET //localhost:8082/api/users/1 HTTP/1.1" 200 264  329
0:0:0:0:0:0:0:1 - - [10/May/2017:14:25:30 +0000] "POST //localhost:8082/api/users/ HTTP/1.1" 201 0  277
0:0:0:0:0:0:0:1 - - [10/May/2017:14:25:34 +0000] "GET //localhost:8082/api/users/3 HTTP/1.1" 200 256  28
0:0:0:0:0:0:0:1 - - [10/May/2017:14:32:47 +0000] "POST //localhost:8082/api/login HTTP/1.1" 200 0  141
0:0:0:0:0:0:0:1 - - [10/May/2017:14:32:49 +0000] "GET //localhost:8082/api/users/1 HTTP/1.1" 500 64290  223
0:0:0:0:0:0:0:1 - - [10/May/2017:14:33:59 +0000] "POST //localhost:8082/api/login HTTP/1.1" 200 0  147
0:0:0:0:0:0:0:1 - - [10/May/2017:14:34:01 +0000] "GET //localhost:8082/api/users/1 HTTP/1.1" 200 604  339
0:0:0:0:0:0:0:1 - - [10/May/2017:14:34:38 +0000] "POST //localhost:8082/api/users/ HTTP/1.1" 201 0  232
0:0:0:0:0:0:0:1 - - [10/May/2017:14:34:48 +0000] "GET //localhost:8082/api/users/3 HTTP/1.1" 200 256  10
0:0:0:0:0:0:0:1 - - [10/May/2017:14:36:09 +0000] "POST //localhost:8082/api/login HTTP/1.1" 200 0  144
0:0:0:0:0:0:0:1 - - [10/May/2017:14:36:13 +0000] "GET //localhost:8082/api/users/1 HTTP/1.1" 200 604  291
0:0:0:0:0:0:0:1 - - [10/May/2017:14:38:19 +0000] "POST //localhost:8082/api/users/ HTTP/1.1" 500 67944  247
0:0:0:0:0:0:0:1 - - [10/May/2017:14:38:36 +0000] "POST //localhost:8082/api/users/ HTTP/1.1" 201 0  134
0:0:0:0:0:0:0:1 - - [10/May/2017:14:38:50 +0000] "GET //localhost:8082/api/users/5 HTTP/1.1" 200 257  13
0:0:0:0:0:0:0:1 - - [10/May/2017:14:39:00 +0000] "GET //localhost:8082/api/users/4 HTTP/1.1" 200 0  7
0:0:0:0:0:0:0:1 - - [10/May/2017:14:40:15 +0000] "POST //localhost:8082/api/users/ HTTP/1.1" 201 0  127
0:0:0:0:0:0:0:1 - - [10/May/2017:14:41:39 +0000] "GET //localhost:8082/api/users/3 HTTP/1.1" 200 256  12
0:0:0:0:0:0:0:1 - - [10/May/2017:14:41:43 +0000] "GET //localhost:8082/api/users/5 HTTP/1.1" 200 257  11
0:0:0:0:0:0:0:1 - - [10/May/2017:14:41:54 +0000] "GET //localhost:8082/api/users/1 HTTP/1.1" 200 604  14
0:0:0:0:0:0:0:1 - - [10/May/2017:14:45:46 +0000] "POST //localhost:8082/api/login HTTP/1.1" 200 0  160
0:0:0:0:0:0:0:1 - - [10/May/2017:14:45:50 +0000] "GET //localhost:8082/api/users/1 HTTP/1.1" 200 309  208
0:0:0:0:0:0:0:1 - - [10/May/2017:14:46:20 +0000] "GET //localhost:8082/api/users/group/fbgi/1 HTTP/1.1" 200 47  36
0:0:0:0:0:0:0:1 - - [10/May/2017:14:46:24 +0000] "GET //localhost:8082/api/users/group/fbgn/Pony HTTP/1.1" 200 47  15
0:0:0:0:0:0:0:1 - - [10/May/2017:14:46:28 +0000] "GET //localhost:8082/api/users/group/fbui/1 HTTP/1.1" 200 47  35
0:0:0:0:0:0:0:1 - - [10/May/2017:14:46:31 +0000] "GET //localhost:8082/api/users/group/fbui/2 HTTP/1.1" 200 49  37
0:0:0:0:0:0:0:1 - - [10/May/2017:14:48:15 +0000] "GET //localhost:8082/api/users/1 HTTP/1.1" 401 0  46
0:0:0:0:0:0:0:1 - - [10/May/2017:14:48:18 +0000] "POST //localhost:8082/api/login HTTP/1.1" 200 0  118
0:0:0:0:0:0:0:1 - - [10/May/2017:14:48:20 +0000] "GET //localhost:8082/api/users/1 HTTP/1.1" 200 411  264
0:0:0:0:0:0:0:1 - - [10/May/2017:14:52:37 +0000] "POST //localhost:8082/api/login HTTP/1.1" 200 0  128
0:0:0:0:0:0:0:1 - - [10/May/2017:14:52:44 +0000] "GET //localhost:8082/api/users/1 HTTP/1.1" 200 337  222
0:0:0:0:0:0:0:1 - - [10/May/2017:14:52:55 +0000] "POST //localhost:8082/api/users/ HTTP/1.1" 415 352  35
