0:0:0:0:0:0:0:1 - - [12/May/2017:07:31:09 +0000] "POST //localhost:8082/api/login HTTP/1.1" 401 0  145
0:0:0:0:0:0:0:1 - - [12/May/2017:07:31:14 +0000] "POST //localhost:8082/api/login HTTP/1.1" 401 0  119
0:0:0:0:0:0:0:1 - - [12/May/2017:07:31:18 +0000] "POST //localhost:8082/api/login HTTP/1.1" 401 0  106
0:0:0:0:0:0:0:1 - - [12/May/2017:07:31:23 +0000] "POST //localhost:8082/api/login HTTP/1.1" 200 0  111
0:0:0:0:0:0:0:1 - - [12/May/2017:07:31:30 +0000] "GET //localhost:8082/api/users/1 HTTP/1.1" 200 287  323
0:0:0:0:0:0:0:1 - - [12/May/2017:07:32:15 +0000] "GET //localhost:8082/api/users/companies/TryHard HTTP/1.1" 200 2  25
0:0:0:0:0:0:0:1 - - [12/May/2017:07:32:36 +0000] "GET //localhost:8082/api/users/companies/Tryhard HTTP/1.1" 200 306  17
0:0:0:0:0:0:0:1 - - [12/May/2017:07:34:09 +0000] "POST //localhost:8082/api/login HTTP/1.1" 200 0  168
0:0:0:0:0:0:0:1 - - [12/May/2017:07:34:12 +0000] "GET //localhost:8082/api/users/1 HTTP/1.1" 500 31066  308
0:0:0:0:0:0:0:1 - - [12/May/2017:07:36:08 +0000] "POST //localhost:8082/api/login HTTP/1.1" 200 0  145
0:0:0:0:0:0:0:1 - - [12/May/2017:07:36:10 +0000] "GET //localhost:8082/api/users/1 HTTP/1.1" 500 31066  268
0:0:0:0:0:0:0:1 - - [12/May/2017:07:36:47 +0000] "POST //localhost:8082/api/login HTTP/1.1" 200 0  152
0:0:0:0:0:0:0:1 - - [12/May/2017:07:36:49 +0000] "GET //localhost:8082/api/users/1 HTTP/1.1" 500 31066  282
0:0:0:0:0:0:0:1 - - [12/May/2017:07:39:08 +0000] "POST //localhost:8082/api/login HTTP/1.1" 200 0  135
0:0:0:0:0:0:0:1 - - [12/May/2017:07:39:11 +0000] "GET //localhost:8082/api/users/1 HTTP/1.1" 200 287  285
0:0:0:0:0:0:0:1 - - [12/May/2017:07:40:32 +0000] "POST //localhost:8082/api/login HTTP/1.1" 200 0  149
0:0:0:0:0:0:0:1 - - [12/May/2017:07:40:34 +0000] "GET //localhost:8082/api/users/1 HTTP/1.1" 200 287  287
0:0:0:0:0:0:0:1 - - [12/May/2017:07:40:40 +0000] "GET //localhost:8082/api/users/companies/Tryhard HTTP/1.1" 200 306  36
0:0:0:0:0:0:0:1 - - [12/May/2017:07:40:55 +0000] "GET //localhost:8082/api/users/findAll HTTP/1.1" 400 337  10
0:0:0:0:0:0:0:1 - - [12/May/2017:07:41:08 +0000] "GET //localhost:8082/api/users/admin/findAll HTTP/1.1" 404 339  11
0:0:0:0:0:0:0:1 - - [12/May/2017:07:41:29 +0000] "GET //localhost:8082/api/admin/findAll HTTP/1.1" 200 1749  63
0:0:0:0:0:0:0:1 - - [12/May/2017:07:41:50 +0000] "GET //localhost:8082/api/users/group/fbgi/2 HTTP/1.1" 200 367  43
0:0:0:0:0:0:0:1 - - [12/May/2017:07:55:16 +0000] "POST //localhost:8082/api/login HTTP/1.1" 200 0  145
0:0:0:0:0:0:0:1 - - [12/May/2017:07:55:18 +0000] "GET //localhost:8082/api/users/1 HTTP/1.1" 500 31066  289
0:0:0:0:0:0:0:1 - - [12/May/2017:08:18:29 +0000] "POST //localhost:8082/api/login HTTP/1.1" 200 0  175
0:0:0:0:0:0:0:1 - - [12/May/2017:08:18:32 +0000] "GET //localhost:8082/api/users/1 HTTP/1.1" 500 31066  233
0:0:0:0:0:0:0:1 - - [12/May/2017:08:22:36 +0000] "POST //localhost:8082/api/login HTTP/1.1" 200 0  169
0:0:0:0:0:0:0:1 - - [12/May/2017:08:22:38 +0000] "GET //localhost:8082/api/users/1 HTTP/1.1" 500 31291  35734
0:0:0:0:0:0:0:1 - - [12/May/2017:08:26:03 +0000] "POST //localhost:8082/api/login HTTP/1.1" 200 0  186
0:0:0:0:0:0:0:1 - - [12/May/2017:08:26:05 +0000] "GET //localhost:8082/api/users/1 HTTP/1.1" 500 31066  339
0:0:0:0:0:0:0:1 - - [12/May/2017:08:30:35 +0000] "POST //localhost:8082/api/login HTTP/1.1" 200 0  170
0:0:0:0:0:0:0:1 - - [12/May/2017:08:30:37 +0000] "GET //localhost:8082/api/users/1 HTTP/1.1" 200 287  254
0:0:0:0:0:0:0:1 - - [12/May/2017:08:31:03 +0000] "POST //localhost:8082/api/login HTTP/1.1" 200 0  144
0:0:0:0:0:0:0:1 - - [12/May/2017:08:31:05 +0000] "GET //localhost:8082/api/users/1 HTTP/1.1" 500 31066  265
0:0:0:0:0:0:0:1 - - [12/May/2017:08:31:49 +0000] "POST //localhost:8082/api/login HTTP/1.1" 200 0  167
0:0:0:0:0:0:0:1 - - [12/May/2017:08:31:51 +0000] "GET //localhost:8082/api/users/1 HTTP/1.1" 200 287  187
0:0:0:0:0:0:0:1 - - [12/May/2017:08:32:52 +0000] "GET //localhost:8082/api/users/passport/123456 HTTP/1.1" 500 31080  46
0:0:0:0:0:0:0:1 - - [12/May/2017:08:34:24 +0000] "POST //localhost:8082/api/login HTTP/1.1" 200 0  154
0:0:0:0:0:0:0:1 - - [12/May/2017:08:34:25 +0000] "GET //localhost:8082/api/users/1 HTTP/1.1" 200 287  180
0:0:0:0:0:0:0:1 - - [12/May/2017:08:34:36 +0000] "GET //localhost:8082/api/users/passport/123456 HTTP/1.1" 500 31080  41
0:0:0:0:0:0:0:1 - - [12/May/2017:08:36:14 +0000] "POST //localhost:8082/api/login HTTP/1.1" 200 0  198
0:0:0:0:0:0:0:1 - - [12/May/2017:08:36:15 +0000] "GET //localhost:8082/api/users/1 HTTP/1.1" 200 287  175
0:0:0:0:0:0:0:1 - - [12/May/2017:08:36:19 +0000] "GET //localhost:8082/api/users/passport/123456 HTTP/1.1" 200 304  12
0:0:0:0:0:0:0:1 - - [12/May/2017:08:36:59 +0000] "POST //localhost:8082/api/login HTTP/1.1" 200 0  167
0:0:0:0:0:0:0:1 - - [12/May/2017:08:37:04 +0000] "POST //localhost:8082/api/passport/123456 HTTP/1.1" 404 335  20
0:0:0:0:0:0:0:1 - - [12/May/2017:08:37:10 +0000] "POST //localhost:8082/api/users/ HTTP/1.1" 415 352  44
0:0:0:0:0:0:0:1 - - [12/May/2017:08:37:13 +0000] "POST //localhost:8082/api/users/passport/123456 HTTP/1.1" 405 413  7
0:0:0:0:0:0:0:1 - - [12/May/2017:08:37:16 +0000] "GET //localhost:8082/api/users/passport/123456 HTTP/1.1" 200 304  143
0:0:0:0:0:0:0:1 - - [12/May/2017:08:37:43 +0000] "GET //localhost:8082/api/users/companies/Tryhard HTTP/1.1" 200 306  19
0:0:0:0:0:0:0:1 - - [12/May/2017:08:39:36 +0000] "POST //localhost:8082/api/users/1 HTTP/1.1" 200 0  77
0:0:0:0:0:0:0:1 - - [12/May/2017:08:39:46 +0000] "POST //localhost:8082/api/users/1%3FpreviousStatus=offline&CurrentStatus=online HTTP/1.1" 400 381  7
0:0:0:0:0:0:0:1 - - [12/May/2017:08:42:56 +0000] "POST //localhost:8082/api/login HTTP/1.1" 200 0  155
0:0:0:0:0:0:0:1 - - [12/May/2017:08:42:59 +0000] "POST //localhost:8082/api/users/1 HTTP/1.1" 200 0  294
0:0:0:0:0:0:0:1 - - [12/May/2017:08:44:24 +0000] "POST //localhost:8082/api/users/1 HTTP/1.1" 200 0  73
0:0:0:0:0:0:0:1 - - [12/May/2017:08:44:39 +0000] "POST //localhost:8082/api/login HTTP/1.1" 200 0  143
0:0:0:0:0:0:0:1 - - [12/May/2017:08:45:05 +0000] "POST //localhost:8082/api/users/1 HTTP/1.1" 200 0  253
0:0:0:0:0:0:0:1 - - [12/May/2017:08:46:37 +0000] "POST //localhost:8082/api/login HTTP/1.1" 200 0  148
0:0:0:0:0:0:0:1 - - [12/May/2017:08:46:40 +0000] "POST //localhost:8082/api/users/1 HTTP/1.1" 200 0  212
0:0:0:0:0:0:0:1 - - [12/May/2017:08:47:52 +0000] "POST //localhost:8082/api/login HTTP/1.1" 200 0  161
0:0:0:0:0:0:0:1 - - [12/May/2017:08:47:57 +0000] "POST //localhost:8082/api/users/1 HTTP/1.1" 200 0  200
0:0:0:0:0:0:0:1 - - [12/May/2017:08:49:05 +0000] "POST //localhost:8082/api/login HTTP/1.1" 200 0  144
0:0:0:0:0:0:0:1 - - [12/May/2017:08:49:15 +0000] "POST //localhost:8082/api/users/1 HTTP/1.1" 200 0  434
0:0:0:0:0:0:0:1 - - [12/May/2017:08:49:58 +0000] "POST //localhost:8082/api/login HTTP/1.1" 200 0  174
0:0:0:0:0:0:0:1 - - [12/May/2017:08:50:01 +0000] "POST //localhost:8082/api/users/1 HTTP/1.1" 500 17083  251
0:0:0:0:0:0:0:1 - - [12/May/2017:08:50:56 +0000] "POST //localhost:8082/api/login HTTP/1.1" 200 0  147
0:0:0:0:0:0:0:1 - - [12/May/2017:08:50:59 +0000] "POST //localhost:8082/api/users/1 HTTP/1.1" 200 0  211
0:0:0:0:0:0:0:1 - - [12/May/2017:08:51:45 +0000] "POST //localhost:8082/api/login HTTP/1.1" 200 0  133
0:0:0:0:0:0:0:1 - - [12/May/2017:08:51:48 +0000] "POST //localhost:8082/api/users/1 HTTP/1.1" 200 0  254
0:0:0:0:0:0:0:1 - - [12/May/2017:08:52:07 +0000] "POST //localhost:8082/api/admin/findAll HTTP/1.1" 405 405  9
0:0:0:0:0:0:0:1 - - [12/May/2017:08:52:10 +0000] "GET //localhost:8082/api/admin/findAll HTTP/1.1" 500 32146  104
0:0:0:0:0:0:0:1 - - [12/May/2017:08:53:41 +0000] "POST //localhost:8082/api/login HTTP/1.1" 200 0  165
0:0:0:0:0:0:0:1 - - [12/May/2017:08:53:47 +0000] "POST //localhost:8082/api/admin/findAll HTTP/1.1" 405 405  40
0:0:0:0:0:0:0:1 - - [12/May/2017:08:53:49 +0000] "GET //localhost:8082/api/admin/findAll HTTP/1.1" 200 1749  197
0:0:0:0:0:0:0:1 - - [12/May/2017:08:56:50 +0000] "POST //localhost:8082/api/login HTTP/1.1" 200 0  111
0:0:0:0:0:0:0:1 - - [12/May/2017:08:57:04 +0000] "POST //localhost:8082/api/users/edit/1 HTTP/1.1" 500 16424  48
0:0:0:0:0:0:0:1 - - [12/May/2017:08:57:36 +0000] "POST //localhost:8082/api/users/edit/9 HTTP/1.1" 500 16424  18
0:0:0:0:0:0:0:1 - - [12/May/2017:08:59:04 +0000] "POST //localhost:8082/api/login HTTP/1.1" 200 0  189
0:0:0:0:0:0:0:1 - - [12/May/2017:08:59:08 +0000] "POST //localhost:8082/api/users/edit/9 HTTP/1.1" 500 16424  44365
0:0:0:0:0:0:0:1 - - [12/May/2017:08:59:51 +0000] "POST //localhost:8082/api/users/edit/9 HTTP/1.1" 200 0  760
0:0:0:0:0:0:0:1 - - [12/May/2017:09:05:39 +0000] "POST //localhost:8082/api/login HTTP/1.1" 200 0  141
0:0:0:0:0:0:0:1 - - [12/May/2017:09:05:41 +0000] "GET //localhost:8082/api/users/1 HTTP/1.1" 500 30615  193
0:0:0:0:0:0:0:1 - - [12/May/2017:09:06:46 +0000] "POST //localhost:8082/api/login HTTP/1.1" 200 0  145
0:0:0:0:0:0:0:1 - - [12/May/2017:09:06:48 +0000] "GET //localhost:8082/api/users/1 HTTP/1.1" 500 32917  200
0:0:0:0:0:0:0:1 - - [12/May/2017:09:15:28 +0000] "POST //localhost:8082/api/login HTTP/1.1" 200 0  141
0:0:0:0:0:0:0:1 - - [12/May/2017:09:15:30 +0000] "GET //localhost:8082/api/users/1 HTTP/1.1" 500 30615  269
0:0:0:0:0:0:0:1 - - [12/May/2017:09:16:11 +0000] "POST //localhost:8082/api/login HTTP/1.1" 200 0  156
0:0:0:0:0:0:0:1 - - [12/May/2017:09:16:13 +0000] "GET //localhost:8082/api/users/1 HTTP/1.1" 500 33093  248
0:0:0:0:0:0:0:1 - - [12/May/2017:09:17:55 +0000] "POST //localhost:8082/api/login HTTP/1.1" 200 0  157
0:0:0:0:0:0:0:1 - - [12/May/2017:09:17:57 +0000] "GET //localhost:8082/api/users/1 HTTP/1.1" 500 33093  254
0:0:0:0:0:0:0:1 - - [12/May/2017:09:21:04 +0000] "POST //localhost:8082/api/login HTTP/1.1" 200 0  143
0:0:0:0:0:0:0:1 - - [12/May/2017:09:21:06 +0000] "GET //localhost:8082/api/users/1 HTTP/1.1" 200 199816  269
0:0:0:0:0:0:0:1 - - [12/May/2017:09:21:44 +0000] "POST //localhost:8082/api/login HTTP/1.1" 200 0  138
0:0:0:0:0:0:0:1 - - [12/May/2017:09:21:46 +0000] "GET //localhost:8082/api/users/1 HTTP/1.1" 500 33093  229
0:0:0:0:0:0:0:1 - - [12/May/2017:09:28:30 +0000] "POST //localhost:8082/api/login HTTP/1.1" 200 0  160
0:0:0:0:0:0:0:1 - - [12/May/2017:09:28:34 +0000] "GET //localhost:8082/api/users/1 HTTP/1.1" 200 287  224
0:0:0:0:0:0:0:1 - - [12/May/2017:09:35:54 +0000] "POST //localhost:8082/api/login HTTP/1.1" 200 0  143
0:0:0:0:0:0:0:1 - - [12/May/2017:09:35:57 +0000] "GET //localhost:8082/api/users/1 HTTP/1.1" 200 360  267
0:0:0:0:0:0:0:1 - - [12/May/2017:09:37:41 +0000] "GET //localhost:8082/api/admin/group/getAll HTTP/1.1" 200 95  30
0:0:0:0:0:0:0:1 - - [12/May/2017:09:38:36 +0000] "POST //localhost:8082/api/login HTTP/1.1" 200 0  159
0:0:0:0:0:0:0:1 - - [12/May/2017:09:38:38 +0000] "GET //localhost:8082/api/users/1 HTTP/1.1" 200 360  251
0:0:0:0:0:0:0:1 - - [12/May/2017:09:38:57 +0000] "GET //localhost:8082/api/admin/group/getAll HTTP/1.1" 500 31700  65
0:0:0:0:0:0:0:1 - - [12/May/2017:09:39:44 +0000] "POST //localhost:8082/api/login HTTP/1.1" 200 0  155
0:0:0:0:0:0:0:1 - - [12/May/2017:09:39:46 +0000] "GET //localhost:8082/api/users/1 HTTP/1.1" 200 360  289
0:0:0:0:0:0:0:1 - - [12/May/2017:09:39:54 +0000] "GET //localhost:8082/api/admin/group/getAll HTTP/1.1" 500 57324  80
0:0:0:0:0:0:0:1 - - [12/May/2017:09:49:34 +0000] "POST //localhost:8082/api/login HTTP/1.1" 200 0  155
0:0:0:0:0:0:0:1 - - [12/May/2017:09:49:37 +0000] "GET //localhost:8082/api/users/1 HTTP/1.1" 200 360  287
0:0:0:0:0:0:0:1 - - [12/May/2017:09:49:50 +0000] "GET //localhost:8082/api/admin/group/getAll HTTP/1.1" 200 9  10
0:0:0:0:0:0:0:1 - - [12/May/2017:09:50:17 +0000] "POST //localhost:8082/api/login HTTP/1.1" 200 0  159
0:0:0:0:0:0:0:1 - - [12/May/2017:09:50:22 +0000] "POST //localhost:8082/api/admin/group/getAll HTTP/1.1" 405 410  35
0:0:0:0:0:0:0:1 - - [12/May/2017:09:50:26 +0000] "GET //localhost:8082/api/admin/group/getAll HTTP/1.1" 500 31700  164
0:0:0:0:0:0:0:1 - - [12/May/2017:09:51:09 +0000] "GET //localhost:8082/api/admin/group/getAll HTTP/1.1" 401 0  47
0:0:0:0:0:0:0:1 - - [12/May/2017:09:51:12 +0000] "POST //localhost:8082/api/login HTTP/1.1" 200 0  124
0:0:0:0:0:0:0:1 - - [12/May/2017:09:51:16 +0000] "GET //localhost:8082/api/admin/group/getAll HTTP/1.1" 500 34453  248
0:0:0:0:0:0:0:1 - - [12/May/2017:10:28:32 +0000] "POST //localhost:8082/api/login HTTP/1.1" 200 0  144
0:0:0:0:0:0:0:1 - - [12/May/2017:10:28:34 +0000] "GET //localhost:8082/api/users/1 HTTP/1.1" 500 31066  237
0:0:0:0:0:0:0:1 - - [12/May/2017:10:37:36 +0000] "POST //localhost:8082/api/login HTTP/1.1" 200 0  148
0:0:0:0:0:0:0:1 - - [12/May/2017:10:37:37 +0000] "GET //localhost:8082/api/users/1 HTTP/1.1" 500 31056  208
0:0:0:0:0:0:0:1 - - [12/May/2017:10:38:38 +0000] "POST //localhost:8082/api/login HTTP/1.1" 200 0  137
0:0:0:0:0:0:0:1 - - [12/May/2017:10:38:39 +0000] "GET //localhost:8082/api/users/1 HTTP/1.1" 500 31056  220
0:0:0:0:0:0:0:1 - - [12/May/2017:10:39:42 +0000] "POST //localhost:8082/api/login HTTP/1.1" 200 0  140
0:0:0:0:0:0:0:1 - - [12/May/2017:10:39:43 +0000] "GET //localhost:8082/api/users/1 HTTP/1.1" 500 31056  187
0:0:0:0:0:0:0:1 - - [12/May/2017:11:10:09 +0000] "POST //localhost:8082/api/login HTTP/1.1" 200 0  150
0:0:0:0:0:0:0:1 - - [12/May/2017:11:10:12 +0000] "GET //localhost:8082/api/users/1 HTTP/1.1" 500 31066  252
0:0:0:0:0:0:0:1 - - [12/May/2017:11:16:41 +0000] "POST //localhost:8082/api/login HTTP/1.1" 200 0  156
0:0:0:0:0:0:0:1 - - [12/May/2017:11:16:43 +0000] "GET //localhost:8082/api/users/1 HTTP/1.1" 500 31056  225
0:0:0:0:0:0:0:1 - - [12/May/2017:11:32:24 +0000] "POST //localhost:8082/api/login HTTP/1.1" 200 0  148
0:0:0:0:0:0:0:1 - - [12/May/2017:11:32:26 +0000] "GET //localhost:8082/api/users/1 HTTP/1.1" 500 31056  231
0:0:0:0:0:0:0:1 - - [12/May/2017:11:38:56 +0000] "POST //localhost:8082/api/login HTTP/1.1" 200 0  152
0:0:0:0:0:0:0:1 - - [12/May/2017:11:38:57 +0000] "GET //localhost:8082/api/users/1 HTTP/1.1" 500 31066  296
0:0:0:0:0:0:0:1 - - [12/May/2017:11:44:50 +0000] "POST //localhost:8082/api/login HTTP/1.1" 200 0  149
0:0:0:0:0:0:0:1 - - [12/May/2017:11:44:51 +0000] "GET //localhost:8082/api/users/1 HTTP/1.1" 500 31066  235
0:0:0:0:0:0:0:1 - - [12/May/2017:12:05:37 +0000] "POST //localhost:8082/api/login HTTP/1.1" 200 0  146
0:0:0:0:0:0:0:1 - - [12/May/2017:12:05:38 +0000] "GET //localhost:8082/api/users/1 HTTP/1.1" 500 31066  250
0:0:0:0:0:0:0:1 - - [12/May/2017:12:08:36 +0000] "POST //localhost:8082/api/login HTTP/1.1" 200 0  158
0:0:0:0:0:0:0:1 - - [12/May/2017:12:08:40 +0000] "GET //localhost:8082/api/users/1 HTTP/1.1" 500 16869  236
0:0:0:0:0:0:0:1 - - [12/May/2017:12:12:09 +0000] "POST //localhost:8082/api/login HTTP/1.1" 200 0  148
0:0:0:0:0:0:0:1 - - [12/May/2017:12:12:11 +0000] "GET //localhost:8082/api/users/1 HTTP/1.1" 500 20852  353
0:0:0:0:0:0:0:1 - - [12/May/2017:12:13:40 +0000] "POST //localhost:8082/api/login HTTP/1.1" 200 0  149
0:0:0:0:0:0:0:1 - - [12/May/2017:12:13:42 +0000] "GET //localhost:8082/api/users/1 HTTP/1.1" 500 20852  230
0:0:0:0:0:0:0:1 - - [12/May/2017:12:14:23 +0000] "POST //localhost:8082/api/login HTTP/1.1" 200 0  171
0:0:0:0:0:0:0:1 - - [12/May/2017:12:14:25 +0000] "GET //localhost:8082/api/users/1 HTTP/1.1" 500 20852  236
0:0:0:0:0:0:0:1 - - [12/May/2017:12:15:15 +0000] "POST //localhost:8082/api/login HTTP/1.1" 200 0  163
0:0:0:0:0:0:0:1 - - [12/May/2017:12:15:16 +0000] "GET //localhost:8082/api/users/1 HTTP/1.1" 200 360  238
0:0:0:0:0:0:0:1 - - [12/May/2017:12:17:18 +0000] "POST //localhost:8082/api/login HTTP/1.1" 200 0  166
0:0:0:0:0:0:0:1 - - [12/May/2017:12:17:19 +0000] "GET //localhost:8082/api/users/1 HTTP/1.1" 200 360  244
0:0:0:0:0:0:0:1 - - [12/May/2017:12:19:40 +0000] "POST //localhost:8082/api/login HTTP/1.1" 200 0  149
0:0:0:0:0:0:0:1 - - [12/May/2017:12:19:42 +0000] "GET //localhost:8082/api/users/1 HTTP/1.1" 200 360  272
0:0:0:0:0:0:0:1 - - [12/May/2017:13:00:45 +0000] "POST //localhost:8082/api/login HTTP/1.1" 200 0  165
0:0:0:0:0:0:0:1 - - [12/May/2017:13:00:49 +0000] "GET //localhost:8082/api/users/1 HTTP/1.1" 500 31271  26059
0:0:0:0:0:0:0:1 - - [12/May/2017:13:01:30 +0000] "GET //localhost:8082/api/users/1 HTTP/1.1" 500 31046  238673
0:0:0:0:0:0:0:1 - - [12/May/2017:13:05:44 +0000] "POST //localhost:8082/api/login HTTP/1.1" 200 0  168
0:0:0:0:0:0:0:1 - - [12/May/2017:13:16:45 +0000] "POST //localhost:8082/api/login HTTP/1.1" 200 0  172
0:0:0:0:0:0:0:1 - - [12/May/2017:13:19:06 +0000] "POST //localhost:8082/api/login HTTP/1.1" 200 0  168
0:0:0:0:0:0:0:1 - - [12/May/2017:13:19:07 +0000] "GET //localhost:8082/api/users/1 HTTP/1.1" 500 30714  183404
0:0:0:0:0:0:0:1 - - [12/May/2017:13:22:11 +0000] "POST //localhost:8082/api/login HTTP/1.1" 200 0  141
0:0:0:0:0:0:0:1 - - [12/May/2017:13:22:16 +0000] "GET //localhost:8082/api/users/1 HTTP/1.1" 500 30714  115611
0:0:0:0:0:0:0:1 - - [12/May/2017:13:24:45 +0000] "POST //localhost:8082/api/login HTTP/1.1" 200 0  187
0:0:0:0:0:0:0:1 - - [12/May/2017:13:25:41 +0000] "POST //localhost:8082/api/login HTTP/1.1" 200 0  259
0:0:0:0:0:0:0:1 - - [12/May/2017:13:32:25 +0000] "POST //localhost:8082/api/login HTTP/1.1" 200 0  165
0:0:0:0:0:0:0:1 - - [12/May/2017:13:35:49 +0000] "POST //localhost:8082/api/login HTTP/1.1" 200 0  190
0:0:0:0:0:0:0:1 - - [12/May/2017:13:35:50 +0000] "GET //localhost:8082/api/users/1 HTTP/1.1" 500 26019  11551
0:0:0:0:0:0:0:1 - - [12/May/2017:13:36:45 +0000] "GET //localhost:8082/api/users/1 HTTP/1.1" 500 26019  218110
0:0:0:0:0:0:0:1 - - [12/May/2017:13:40:58 +0000] "POST //localhost:8082/api/login HTTP/1.1" 200 0  191
0:0:0:0:0:0:0:1 - - [12/May/2017:13:41:00 +0000] "GET //localhost:8082/api/users/1 HTTP/1.1" 500 26169  26328
0:0:0:0:0:0:0:1 - - [12/May/2017:13:42:21 +0000] "POST //localhost:8082/api/login HTTP/1.1" 200 0  203
0:0:0:0:0:0:0:1 - - [12/May/2017:13:43:44 +0000] "POST //localhost:8082/api/login HTTP/1.1" 200 0  162
0:0:0:0:0:0:0:1 - - [12/May/2017:13:43:45 +0000] "GET //localhost:8082/api/users/1 HTTP/1.1" 500 31066  232
0:0:0:0:0:0:0:1 - - [12/May/2017:13:44:21 +0000] "POST //localhost:8082/api/login HTTP/1.1" 200 0  188
0:0:0:0:0:0:0:1 - - [12/May/2017:13:49:28 +0000] "POST //localhost:8082/api/login HTTP/1.1" 200 0  158
0:0:0:0:0:0:0:1 - - [12/May/2017:13:50:38 +0000] "POST //localhost:8082/api/login HTTP/1.1" 200 0  280
0:0:0:0:0:0:0:1 - - [12/May/2017:13:50:40 +0000] "GET //localhost:8082/api/users/1 HTTP/1.1" 500 30714  27758
0:0:0:0:0:0:0:1 - - [12/May/2017:13:55:20 +0000] "POST //localhost:8082/api/login HTTP/1.1" 200 0  176
0:0:0:0:0:0:0:1 - - [12/May/2017:13:56:55 +0000] "POST //localhost:8082/api/login HTTP/1.1" 200 0  163
0:0:0:0:0:0:0:1 - - [12/May/2017:13:58:52 +0000] "POST //localhost:8082/api/login HTTP/1.1" 200 0  159
0:0:0:0:0:0:0:1 - - [12/May/2017:13:58:54 +0000] "GET //localhost:8082/api/users/1 HTTP/1.1" 200 156  75043
0:0:0:0:0:0:0:1 - - [12/May/2017:14:00:28 +0000] "POST //localhost:8082/api/login HTTP/1.1" 200 0  190
0:0:0:0:0:0:0:1 - - [12/May/2017:14:00:30 +0000] "GET //localhost:8082/api/users/1 HTTP/1.1" 200 156  322
0:0:0:0:0:0:0:1 - - [12/May/2017:14:06:43 +0000] "POST //localhost:8082/api/login HTTP/1.1" 200 0  167
0:0:0:0:0:0:0:1 - - [12/May/2017:14:06:57 +0000] "GET //localhost:8082/api/users/AW1 HTTP/1.1" 400 333  67
0:0:0:0:0:0:0:1 - - [12/May/2017:14:07:09 +0000] "GET //localhost:8082/api/users/AW/1 HTTP/1.1" 500 31069  76080
0:0:0:0:0:0:0:1 - - [12/May/2017:14:08:49 +0000] "GET //localhost:8082/api/users/AW/1 HTTP/1.1" 401 0  56
0:0:0:0:0:0:0:1 - - [12/May/2017:14:08:53 +0000] "POST //localhost:8082/api/login HTTP/1.1" 200 0  121
0:0:0:0:0:0:0:1 - - [12/May/2017:14:08:56 +0000] "GET //localhost:8082/api/users/AW/1 HTTP/1.1" 500 31069  245
0:0:0:0:0:0:0:1 - - [12/May/2017:14:10:33 +0000] "POST //localhost:8082/api/login HTTP/1.1" 200 0  147
0:0:0:0:0:0:0:1 - - [12/May/2017:14:10:34 +0000] "GET //localhost:8082/api/users/1 HTTP/1.1" 200 156  318
0:0:0:0:0:0:0:1 - - [12/May/2017:14:10:42 +0000] "GET //localhost:8082/api/users/AW/1 HTTP/1.1" 500 24402  31
0:0:0:0:0:0:0:1 - - [12/May/2017:14:12:06 +0000] "POST //localhost:8082/api/login HTTP/1.1" 200 0  146
0:0:0:0:0:0:0:1 - - [12/May/2017:14:12:10 +0000] "POST //localhost:8082/api/users/AW/1 HTTP/1.1" 405 402  32
0:0:0:0:0:0:0:1 - - [12/May/2017:14:12:13 +0000] "GET //localhost:8082/api/users/AW/1 HTTP/1.1" 200 261  257
0:0:0:0:0:0:0:1 - - [12/May/2017:14:13:11 +0000] "POST //localhost:8082/api/login HTTP/1.1" 200 0  156
0:0:0:0:0:0:0:1 - - [12/May/2017:14:13:18 +0000] "GET //localhost:8082/api/users/AW/1 HTTP/1.1" 200 261  219958
0:0:0:0:0:0:0:1 - - [12/May/2017:14:24:26 +0000] "POST //localhost:8082/api/login HTTP/1.1" 200 0  151
0:0:0:0:0:0:0:1 - - [12/May/2017:14:24:28 +0000] "GET //localhost:8082/api/users/1 HTTP/1.1" 200 156  291
0:0:0:0:0:0:0:1 - - [12/May/2017:14:24:38 +0000] "GET //localhost:8082/api/users/AW/1 HTTP/1.1" 200 261  29
