0:0:0:0:0:0:0:1 - - [05/May/2017:06:41:26 +0000] "POST //localhost:8082/login HTTP/1.1" 403 455  62
0:0:0:0:0:0:0:1 - - [05/May/2017:06:42:19 +0000] "POST //localhost:8082/login HTTP/1.1" 403 551  8
0:0:0:0:0:0:0:1 - - [05/May/2017:06:42:37 +0000] "POST //localhost:8082/login HTTP/1.1" 403 551  18
0:0:0:0:0:0:0:1 - - [05/May/2017:06:42:48 +0000] "POST //localhost:8082/login HTTP/1.1" 403 551  9
0:0:0:0:0:0:0:1 - - [05/May/2017:06:43:07 +0000] "GET //localhost:8082/users/1 HTTP/1.1" 500 37868  311
0:0:0:0:0:0:0:1 - - [05/May/2017:06:43:07 +0000] "GET //localhost:8082/users/1 HTTP/1.1" 500 37868  212
0:0:0:0:0:0:0:1 - - [05/May/2017:06:43:25 +0000] "GET //localhost:8082/users/1 HTTP/1.1" 500 37868  82
0:0:0:0:0:0:0:1 - - [05/May/2017:06:45:27 +0000] "GET //localhost:8082/users/ HTTP/1.1" 503 332  17
0:0:0:0:0:0:0:1 - - [05/May/2017:06:45:37 +0000] "POST //localhost:8082/users/ HTTP/1.1" 503 332  5
0:0:0:0:0:0:0:1 - - [05/May/2017:06:47:15 +0000] "POST //localhost:8082/login HTTP/1.1" 503 331  21
0:0:0:0:0:0:0:1 - - [05/May/2017:06:47:24 +0000] "GET //localhost:8082/login HTTP/1.1" 503 331  6
0:0:0:0:0:0:0:1 - - [05/May/2017:06:47:54 +0000] "POST //localhost:8082/login HTTP/1.1" 503 331  7
0:0:0:0:0:0:0:1 - - [05/May/2017:06:51:20 +0000] "POST //localhost:8082/login HTTP/1.1" 403 455  28
0:0:0:0:0:0:0:1 - - [05/May/2017:06:53:35 +0000] "POST //localhost:8082/login HTTP/1.1" 401 0  505111
0:0:0:0:0:0:0:1 - - [05/May/2017:07:03:11 +0000] "POST //localhost:8082/login HTTP/1.1" 401 0  8626
0:0:0:0:0:0:0:1 - - [05/May/2017:07:04:04 +0000] "POST //localhost:8082/login HTTP/1.1" 401 0  39
0:0:0:0:0:0:0:1 - - [05/May/2017:07:04:10 +0000] "POST //localhost:8082/login HTTP/1.1" 401 0  4
0:0:0:0:0:0:0:1 - - [05/May/2017:07:04:10 +0000] "POST //localhost:8082/login HTTP/1.1" 401 0  4
0:0:0:0:0:0:0:1 - - [05/May/2017:07:04:11 +0000] "POST //localhost:8082/login HTTP/1.1" 401 0  3
0:0:0:0:0:0:0:1 - - [05/May/2017:07:04:11 +0000] "POST //localhost:8082/login HTTP/1.1" 401 0  5
0:0:0:0:0:0:0:1 - - [05/May/2017:07:04:12 +0000] "POST //localhost:8082/login HTTP/1.1" 401 0  3
0:0:0:0:0:0:0:1 - - [05/May/2017:07:04:12 +0000] "POST //localhost:8082/login HTTP/1.1" 401 0  3
0:0:0:0:0:0:0:1 - - [05/May/2017:07:04:13 +0000] "POST //localhost:8082/login HTTP/1.1" 401 0  2
0:0:0:0:0:0:0:1 - - [05/May/2017:07:04:13 +0000] "POST //localhost:8082/login HTTP/1.1" 401 0  2
0:0:0:0:0:0:0:1 - - [05/May/2017:07:04:13 +0000] "POST //localhost:8082/login HTTP/1.1" 401 0  2
0:0:0:0:0:0:0:1 - - [05/May/2017:07:04:51 +0000] "POST //localhost:8082/login HTTP/1.1" 401 0  91
0:0:0:0:0:0:0:1 - - [05/May/2017:07:05:18 +0000] "POST //localhost:8082/login HTTP/1.1" 401 0  16
0:0:0:0:0:0:0:1 - - [05/May/2017:07:05:29 +0000] "POST //localhost:8082/login HTTP/1.1" 401 0  21
0:0:0:0:0:0:0:1 - - [05/May/2017:07:05:30 +0000] "POST //localhost:8082/login HTTP/1.1" 401 0  21
0:0:0:0:0:0:0:1 - - [05/May/2017:07:05:31 +0000] "POST //localhost:8082/login HTTP/1.1" 401 0  11
0:0:0:0:0:0:0:1 - - [05/May/2017:07:05:31 +0000] "POST //localhost:8082/login HTTP/1.1" 401 0  9
0:0:0:0:0:0:0:1 - - [05/May/2017:07:05:31 +0000] "POST //localhost:8082/login HTTP/1.1" 401 0  18
0:0:0:0:0:0:0:1 - - [05/May/2017:07:05:32 +0000] "POST //localhost:8082/login HTTP/1.1" 401 0  8
0:0:0:0:0:0:0:1 - - [05/May/2017:07:05:32 +0000] "POST //localhost:8082/login HTTP/1.1" 401 0  16
0:0:0:0:0:0:0:1 - - [05/May/2017:07:05:42 +0000] "GET //localhost:8082/users/1 HTTP/1.1" 500 36980  178
0:0:0:0:0:0:0:1 - - [05/May/2017:07:12:41 +0000] "GET //localhost:8082/users/1 HTTP/1.1" 500 36980  260
0:0:0:0:0:0:0:1 - - [05/May/2017:07:12:57 +0000] "POST //localhost:8082/login HTTP/1.1" 401 0  70
0:0:0:0:0:0:0:1 - - [05/May/2017:07:13:13 +0000] "POST //localhost:8082/login HTTP/1.1" 401 0  20
0:0:0:0:0:0:0:1 - - [05/May/2017:07:15:10 +0000] "POST //localhost:8082/login HTTP/1.1" 401 0  4426
0:0:0:0:0:0:0:1 - - [05/May/2017:07:15:43 +0000] "GET //localhost:8082/users/1 HTTP/1.1" 500 36980  246
0:0:0:0:0:0:0:1 - - [05/May/2017:07:15:52 +0000] "GET //localhost:8082/login HTTP/1.1" 404 321  34
0:0:0:0:0:0:0:1 - - [05/May/2017:07:15:59 +0000] "POST //localhost:8082/login HTTP/1.1" 401 0  1909
0:0:0:0:0:0:0:1 - - [05/May/2017:07:19:56 +0000] "POST //localhost:8082/login HTTP/1.1" 401 0  100
0:0:0:0:0:0:0:1 - - [05/May/2017:07:20:32 +0000] "GET //localhost:8082/users/1 HTTP/1.1" 500 36980  228
0:0:0:0:0:0:0:1 - - [05/May/2017:07:20:49 +0000] "POST //localhost:8082/login HTTP/1.1" 401 0  18
0:0:0:0:0:0:0:1 - - [05/May/2017:07:24:43 +0000] "POST //localhost:8082/login HTTP/1.1" 401 0  40
0:0:0:0:0:0:0:1 - - [05/May/2017:07:24:54 +0000] "POST //localhost:8082/login HTTP/1.1" 401 0  16
0:0:0:0:0:0:0:1 - - [05/May/2017:07:24:56 +0000] "POST //localhost:8082/login HTTP/1.1" 401 0  14
0:0:0:0:0:0:0:1 - - [05/May/2017:07:24:56 +0000] "POST //localhost:8082/login HTTP/1.1" 401 0  9
0:0:0:0:0:0:0:1 - - [05/May/2017:07:25:07 +0000] "POST //localhost:8082/login HTTP/1.1" 401 0  16
0:0:0:0:0:0:0:1 - - [05/May/2017:07:26:36 +0000] "POST //localhost:8082/login HTTP/1.1" 401 0  53
0:0:0:0:0:0:0:1 - - [05/May/2017:07:26:50 +0000] "GET //localhost:8082/users HTTP/1.1" 401 0  71
0:0:0:0:0:0:0:1 - - [05/May/2017:07:26:55 +0000] "GET //localhost:8082/users HTTP/1.1" 401 0  35
0:0:0:0:0:0:0:1 - - [05/May/2017:07:26:58 +0000] "GET //localhost:8082/users HTTP/1.1" 401 0  15
0:0:0:0:0:0:0:1 - - [05/May/2017:07:26:58 +0000] "GET //localhost:8082/users HTTP/1.1" 401 0  20
0:0:0:0:0:0:0:1 - - [05/May/2017:07:26:59 +0000] "GET //localhost:8082/users HTTP/1.1" 401 0  17
0:0:0:0:0:0:0:1 - - [05/May/2017:07:27:00 +0000] "GET //localhost:8082/users HTTP/1.1" 401 0  26
0:0:0:0:0:0:0:1 - - [05/May/2017:07:27:05 +0000] "GET //localhost:8082/users/1 HTTP/1.1" 500 36980  165
0:0:0:0:0:0:0:1 - - [05/May/2017:07:27:34 +0000] "POST //localhost:8082/login HTTP/1.1" 401 0  11
0:0:0:0:0:0:0:1 - - [05/May/2017:07:27:45 +0000] "POST //localhost:8082/login HTTP/1.1" 401 0  15
0:0:0:0:0:0:0:1 - - [05/May/2017:07:28:48 +0000] "POST //localhost:8082/login HTTP/1.1" 401 0  9
0:0:0:0:0:0:0:1 - - [05/May/2017:07:28:49 +0000] "POST //localhost:8082/login HTTP/1.1" 401 0  15
0:0:0:0:0:0:0:1 - - [05/May/2017:07:28:57 +0000] "POST //localhost:8082/login HTTP/1.1" 401 0  6
0:0:0:0:0:0:0:1 - - [05/May/2017:07:28:58 +0000] "POST //localhost:8082/login HTTP/1.1" 401 0  10
0:0:0:0:0:0:0:1 - - [05/May/2017:07:28:59 +0000] "POST //localhost:8082/login HTTP/1.1" 401 0  10
0:0:0:0:0:0:0:1 - - [05/May/2017:07:28:59 +0000] "POST //localhost:8082/login HTTP/1.1" 401 0  6
0:0:0:0:0:0:0:1 - - [05/May/2017:07:28:59 +0000] "POST //localhost:8082/login HTTP/1.1" 401 0  6
0:0:0:0:0:0:0:1 - - [05/May/2017:07:28:59 +0000] "POST //localhost:8082/login HTTP/1.1" 401 0  5
0:0:0:0:0:0:0:1 - - [05/May/2017:07:28:59 +0000] "POST //localhost:8082/login HTTP/1.1" 401 0  5
0:0:0:0:0:0:0:1 - - [05/May/2017:07:28:59 +0000] "POST //localhost:8082/login HTTP/1.1" 401 0  10
0:0:0:0:0:0:0:1 - - [05/May/2017:07:34:03 +0000] "POST //localhost:8082/login HTTP/1.1" 401 0  34
0:0:0:0:0:0:0:1 - - [05/May/2017:07:35:38 +0000] "POST //localhost:8082/login HTTP/1.1" 401 0  12962
0:0:0:0:0:0:0:1 - - [05/May/2017:07:36:25 +0000] "POST //localhost:8082/login HTTP/1.1" 401 0  73428
0:0:0:0:0:0:0:1 - - [05/May/2017:07:38:21 +0000] "POST //localhost:8082/rest/login HTTP/1.1" 404 326  60
0:0:0:0:0:0:0:1 - - [05/May/2017:07:38:28 +0000] "POST //localhost:8082/login HTTP/1.1" 401 0  15826
0:0:0:0:0:0:0:1 - - [05/May/2017:07:39:11 +0000] "POST //localhost:8082/login HTTP/1.1" 200 0  22995
0:0:0:0:0:0:0:1 - - [05/May/2017:07:40:42 +0000] "POST //localhost:8082/login HTTP/1.1" 401 0  14
0:0:0:0:0:0:0:1 - - [05/May/2017:07:41:01 +0000] "POST //localhost:8082/login HTTP/1.1" 401 0  14
0:0:0:0:0:0:0:1 - - [05/May/2017:07:41:01 +0000] "POST //localhost:8082/login HTTP/1.1" 401 0  17
0:0:0:0:0:0:0:1 - - [05/May/2017:07:41:02 +0000] "POST //localhost:8082/login HTTP/1.1" 401 0  13
0:0:0:0:0:0:0:1 - - [05/May/2017:07:41:02 +0000] "POST //localhost:8082/login HTTP/1.1" 401 0  16
0:0:0:0:0:0:0:1 - - [05/May/2017:07:41:02 +0000] "POST //localhost:8082/login HTTP/1.1" 401 0  9
0:0:0:0:0:0:0:1 - - [05/May/2017:07:41:02 +0000] "POST //localhost:8082/login HTTP/1.1" 401 0  10
0:0:0:0:0:0:0:1 - - [05/May/2017:07:41:20 +0000] "POST //localhost:8082/login HTTP/1.1" 401 0  15
0:0:0:0:0:0:0:1 - - [05/May/2017:07:41:20 +0000] "POST //localhost:8082/login HTTP/1.1" 401 0  18
0:0:0:0:0:0:0:1 - - [05/May/2017:07:41:21 +0000] "POST //localhost:8082/login HTTP/1.1" 401 0  6
0:0:0:0:0:0:0:1 - - [05/May/2017:07:41:21 +0000] "POST //localhost:8082/login HTTP/1.1" 401 0  5
0:0:0:0:0:0:0:1 - - [05/May/2017:07:41:51 +0000] "POST //localhost:8082/login HTTP/1.1" 401 0  10
0:0:0:0:0:0:0:1 - - [05/May/2017:07:41:51 +0000] "POST //localhost:8082/login HTTP/1.1" 401 0  7
0:0:0:0:0:0:0:1 - - [05/May/2017:07:41:51 +0000] "POST //localhost:8082/login HTTP/1.1" 401 0  5
0:0:0:0:0:0:0:1 - - [05/May/2017:07:41:52 +0000] "POST //localhost:8082/login HTTP/1.1" 401 0  12
0:0:0:0:0:0:0:1 - - [05/May/2017:07:41:52 +0000] "POST //localhost:8082/login HTTP/1.1" 401 0  13
0:0:0:0:0:0:0:1 - - [05/May/2017:07:41:52 +0000] "POST //localhost:8082/login HTTP/1.1" 401 0  4
0:0:0:0:0:0:0:1 - - [05/May/2017:07:42:03 +0000] "POST //localhost:8082/login HTTP/1.1" 200 0  16
0:0:0:0:0:0:0:1 - - [05/May/2017:07:42:26 +0000] "POST //localhost:8082/login HTTP/1.1" 200 0  48
0:0:0:0:0:0:0:1 - - [05/May/2017:07:42:52 +0000] "POST //localhost:8082/login HTTP/1.1" 200 0  24803
0:0:0:0:0:0:0:1 - - [05/May/2017:07:44:20 +0000] "POST //localhost:8082/login HTTP/1.1" 401 0  22
0:0:0:0:0:0:0:1 - - [05/May/2017:07:44:33 +0000] "POST //localhost:8082/login HTTP/1.1" 401 0  15
0:0:0:0:0:0:0:1 - - [05/May/2017:07:44:34 +0000] "POST //localhost:8082/login HTTP/1.1" 401 0  9
0:0:0:0:0:0:0:1 - - [05/May/2017:07:44:34 +0000] "POST //localhost:8082/login HTTP/1.1" 401 0  12
0:0:0:0:0:0:0:1 - - [05/May/2017:07:44:34 +0000] "POST //localhost:8082/login HTTP/1.1" 401 0  24
0:0:0:0:0:0:0:1 - - [05/May/2017:07:45:28 +0000] "GET //localhost:8082/users/1 HTTP/1.1" 500 36980  170
0:0:0:0:0:0:0:1 - - [05/May/2017:07:49:00 +0000] "POST //localhost:8082/login HTTP/1.1" 200 0  57
0:0:0:0:0:0:0:1 - - [05/May/2017:07:49:04 +0000] "GET //localhost:8082/users/1 HTTP/1.1" 200 138  234
0:0:0:0:0:0:0:1 - - [05/May/2017:07:49:28 +0000] "GET //localhost:8082/users/1 HTTP/1.1" 200 138  284
0:0:0:0:0:0:0:1 - - [05/May/2017:08:06:41 +0000] "POST //localhost:8082/login?username=User&password=pass1 HTTP/1.1" 401 0  136
0:0:0:0:0:0:0:1 - - [05/May/2017:08:14:02 +0000] "POST //localhost:8082/login HTTP/1.1" 401 0  32
0:0:0:0:0:0:0:1 - - [05/May/2017:08:14:36 +0000] "GET //localhost:8082/login HTTP/1.1" 404 321  16
0:0:0:0:0:0:0:1 - - [05/May/2017:08:14:59 +0000] "POST //localhost:8082/login?username=User&password=pass1 HTTP/1.1" 401 0  79
0:0:0:0:0:0:0:1 - - [05/May/2017:08:17:12 +0000] "POST //localhost:8082/login?username=User&password=pass1 HTTP/1.1" 401 0  150
0:0:0:0:0:0:0:1 - - [05/May/2017:08:18:33 +0000] "POST //localhost:8082/login?username=User&password=pass1 HTTP/1.1" 200 0  79
0:0:0:0:0:0:0:1 - - [05/May/2017:08:19:24 +0000] "GET //localhost:8082/users/1 HTTP/1.1" 200 138  197
0:0:0:0:0:0:0:1 - - [05/May/2017:08:19:38 +0000] "GET //localhost:8082/users/2 HTTP/1.1" 200 138  6
0:0:0:0:0:0:0:1 - - [05/May/2017:08:19:46 +0000] "GET //localhost:8082/users/3 HTTP/1.1" 404 0  9
0:0:0:0:0:0:0:1 - - [05/May/2017:08:20:03 +0000] "GET //localhost:8082/users/1 HTTP/1.1" 200 138  247
0:0:0:0:0:0:0:1 - - [05/May/2017:08:23:57 +0000] "GET //localhost:8082/api/ HTTP/1.1" 401 0  44
0:0:0:0:0:0:0:1 - - [05/May/2017:08:24:25 +0000] "GET //localhost:8082/api/login?username=User&password=pass1 HTTP/1.1" 401 0  4
0:0:0:0:0:0:0:1 - - [05/May/2017:08:25:15 +0000] "GET //localhost:8082/api/ HTTP/1.1" 401 0  53
0:0:0:0:0:0:0:1 - - [05/May/2017:08:25:19 +0000] "GET //localhost:8082/login?username=User&password=pass1 HTTP/1.1" 404 321  4
0:0:0:0:0:0:0:1 - - [05/May/2017:08:26:08 +0000] "GET //localhost:8082/api/login?username=User&password=pass1 HTTP/1.1" 401 0  47
0:0:0:0:0:0:0:1 - - [05/May/2017:08:30:41 +0000] "POST //localhost:8082/api/login?username=User&password=pass1 HTTP/1.1" 302 0  57
0:0:0:0:0:0:0:1 - - [05/May/2017:08:30:54 +0000] "GET //localhost:8082/api/login?username=User&password=pass1 HTTP/1.1" 404 325  13
0:0:0:0:0:0:0:1 - - [05/May/2017:08:31:00 +0000] "POST //localhost:8082/api/login?username=User&password=pass1 HTTP/1.1" 302 0  6
0:0:0:0:0:0:0:1 - - [05/May/2017:08:32:23 +0000] "POST //localhost:8082/api/login?username=User&password=pass1 HTTP/1.1" 302 0  2
0:0:0:0:0:0:0:1 - - [05/May/2017:08:32:52 +0000] "POST //localhost:8082/api/login?username=User&password=pass1 HTTP/1.1" 302 0  74
0:0:0:0:0:0:0:1 - - [05/May/2017:08:32:53 +0000] "POST //localhost:8082/api/login?username=User&password=pass1 HTTP/1.1" 302 0  9
0:0:0:0:0:0:0:1 - - [05/May/2017:08:33:26 +0000] "GET //localhost:8082/api/users/1 HTTP/1.1" 200 138  176
0:0:0:0:0:0:0:1 - - [05/May/2017:08:33:52 +0000] "GET //localhost:8082/api/users/1 HTTP/1.1" 401 0  47
0:0:0:0:0:0:0:1 - - [05/May/2017:08:34:05 +0000] "POST //localhost:8082/api/login?username=User&password=pass1 HTTP/1.1" 302 0  21
0:0:0:0:0:0:0:1 - - [05/May/2017:08:34:24 +0000] "GET //localhost:8082/api/users/1 HTTP/1.1" 200 138  218
0:0:0:0:0:0:0:1 - - [05/May/2017:08:35:16 +0000] "GET //localhost:8082/api/users/1 HTTP/1.1" 401 0  48
0:0:0:0:0:0:0:1 - - [05/May/2017:08:35:28 +0000] "GET //localhost:8082/api/login?username=User&password=pass1 HTTP/1.1" 404 325  21
0:0:0:0:0:0:0:1 - - [05/May/2017:08:35:30 +0000] "POST //localhost:8082/api/login?username=User&password=pass1 HTTP/1.1" 302 0  22
0:0:0:0:0:0:0:1 - - [05/May/2017:08:35:36 +0000] "POST //localhost:8082/api/users/1 HTTP/1.1" 400 429  43
0:0:0:0:0:0:0:1 - - [05/May/2017:08:35:41 +0000] "GET //localhost:8082/api/users/1 HTTP/1.1" 200 138  147
0:0:0:0:0:0:0:1 - - [05/May/2017:08:35:48 +0000] "GET //localhost:8082/api/logout HTTP/1.1" 302 0  2
0:0:0:0:0:0:0:1 - - [05/May/2017:08:35:48 +0000] "GET //localhost:8082/login?logout HTTP/1.1" 404 321  2
0:0:0:0:0:0:0:1 - - [05/May/2017:08:36:10 +0000] "POST //localhost:8082/api/logout HTTP/1.1" 302 0  1
0:0:0:0:0:0:0:1 - - [05/May/2017:08:36:23 +0000] "POST //localhost:8082/api/login?username=User&password=pass1 HTTP/1.1" 302 0  4
0:0:0:0:0:0:0:1 - - [05/May/2017:08:36:23 +0000] "POST //localhost:8082/api/login?username=User&password=pass1 HTTP/1.1" 302 0  3
0:0:0:0:0:0:0:1 - - [05/May/2017:08:36:27 +0000] "GET //localhost:8082/api/login?username=User&password=pass1 HTTP/1.1" 404 325  1
0:0:0:0:0:0:0:1 - - [05/May/2017:08:36:42 +0000] "GET //localhost:8082/api/users/1 HTTP/1.1" 200 138  5
0:0:0:0:0:0:0:1 - - [05/May/2017:08:36:52 +0000] "GET //localhost:8082/api/logout HTTP/1.1" 302 0  1
0:0:0:0:0:0:0:1 - - [05/May/2017:08:36:52 +0000] "GET //localhost:8082/login?logout HTTP/1.1" 404 321  1
0:0:0:0:0:0:0:1 - - [05/May/2017:08:36:55 +0000] "POST //localhost:8082/api/logout HTTP/1.1" 302 0  1
0:0:0:0:0:0:0:1 - - [05/May/2017:08:37:02 +0000] "POST //localhost:8082/api/users/1 HTTP/1.1" 401 0  2
0:0:0:0:0:0:0:1 - - [05/May/2017:08:37:05 +0000] "GET //localhost:8082/api/users/1 HTTP/1.1" 401 0  2
0:0:0:0:0:0:0:1 - - [05/May/2017:08:37:15 +0000] "POST //localhost:8082/api/login?username=User&password=pass1 HTTP/1.1" 302 0  3
0:0:0:0:0:0:0:1 - - [05/May/2017:08:37:22 +0000] "POST //localhost:8082/api/users/1 HTTP/1.1" 400 429  3
0:0:0:0:0:0:0:1 - - [05/May/2017:08:37:25 +0000] "GET //localhost:8082/api/users/1 HTTP/1.1" 200 138  7
0:0:0:0:0:0:0:1 - - [05/May/2017:08:37:33 +0000] "POST //localhost:8082/api/logout HTTP/1.1" 302 0  1
0:0:0:0:0:0:0:1 - - [05/May/2017:08:37:37 +0000] "POST //localhost:8082/api/users/1 HTTP/1.1" 401 0  1
0:0:0:0:0:0:0:1 - - [05/May/2017:08:37:40 +0000] "GET //localhost:8082/api/users/1 HTTP/1.1" 401 0  1
0:0:0:0:0:0:0:1 - - [05/May/2017:08:37:40 +0000] "GET //localhost:8082/api/users/1 HTTP/1.1" 401 0  1
0:0:0:0:0:0:0:1 - - [05/May/2017:08:38:22 +0000] "GET //localhost:8082/api/users/1 HTTP/1.1" 401 0  46
0:0:0:0:0:0:0:1 - - [05/May/2017:08:38:52 +0000] "GET //localhost:8082/api/login?username=User&password=pass1 HTTP/1.1" 404 325  15
0:0:0:0:0:0:0:1 - - [05/May/2017:08:38:56 +0000] "POST //localhost:8082/api/login?username=User&password=pass1 HTTP/1.1" 302 0  24
0:0:0:0:0:0:0:1 - - [05/May/2017:08:40:20 +0000] "POST //localhost:8082/api/login HTTP/1.1" 302 0  8
0:0:0:0:0:0:0:1 - - [05/May/2017:08:41:02 +0000] "POST //localhost:8082/api/login HTTP/1.1" 302 0  3
0:0:0:0:0:0:0:1 - - [05/May/2017:08:41:18 +0000] "POST //localhost:8082/api/login?username=User&password=pass1 HTTP/1.1" 302 0  2
0:0:0:0:0:0:0:1 - - [05/May/2017:08:41:45 +0000] "GET //localhost:8082/login?username=User&password=pass1 HTTP/1.1" 404 321  2
0:0:0:0:0:0:0:1 - - [05/May/2017:08:41:53 +0000] "GET //localhost:8082/api/users/1 HTTP/1.1" 200 138  230
0:0:0:0:0:0:0:1 - - [05/May/2017:08:42:07 +0000] "GET //localhost:8082/api/users/1 HTTP/1.1" 401 0  55
0:0:0:0:0:0:0:1 - - [05/May/2017:08:44:37 +0000] "POST //localhost:8082/api/login HTTP/1.1" 302 0  17
0:0:0:0:0:0:0:1 - - [05/May/2017:08:44:45 +0000] "GET //localhost:8082/api/users/1 HTTP/1.1" 401 0  4
0:0:0:0:0:0:0:1 - - [05/May/2017:08:53:25 +0000] "POST //localhost:8082/api/login HTTP/1.1" 302 0  39
0:0:0:0:0:0:0:1 - - [05/May/2017:08:53:56 +0000] "POST //localhost:8082/api/login HTTP/1.1" 302 0  44
0:0:0:0:0:0:0:1 - - [05/May/2017:08:53:58 +0000] "POST //localhost:8082/api/login HTTP/1.1" 302 0  10
0:0:0:0:0:0:0:1 - - [05/May/2017:08:54:01 +0000] "POST //localhost:8082/api/login HTTP/1.1" 302 0  5
0:0:0:0:0:0:0:1 - - [05/May/2017:08:57:06 +0000] "POST //localhost:8082/api/login HTTP/1.1" 401 0  38
0:0:0:0:0:0:0:1 - - [05/May/2017:08:57:18 +0000] "POST //localhost:8082/api/login HTTP/1.1" 401 0  5
0:0:0:0:0:0:0:1 - - [05/May/2017:08:57:30 +0000] "POST //localhost:8082/api/login HTTP/1.1" 401 0  3
0:0:0:0:0:0:0:1 - - [05/May/2017:08:57:31 +0000] "POST //localhost:8082/api/login HTTP/1.1" 401 0  1
0:0:0:0:0:0:0:1 - - [05/May/2017:08:57:55 +0000] "GET //localhost:8082/api/users/1 HTTP/1.1" 401 0  20
0:0:0:0:0:0:0:1 - - [05/May/2017:08:58:09 +0000] "POST //localhost:8082/api/login?username=User&password=pass1 HTTP/1.1" 200 0  10
0:0:0:0:0:0:0:1 - - [05/May/2017:08:58:28 +0000] "POST //localhost:8082/api/login HTTP/1.1" 401 0  2
0:0:0:0:0:0:0:1 - - [05/May/2017:08:58:56 +0000] "POST //localhost:8082/api/login HTTP/1.1" 200 0  4
0:0:0:0:0:0:0:1 - - [05/May/2017:08:59:04 +0000] "POST //localhost:8082/api/login HTTP/1.1" 401 0  3
0:0:0:0:0:0:0:1 - - [05/May/2017:09:01:07 +0000] "POST //localhost:8082/api/login HTTP/1.1" 302 0  53
0:0:0:0:0:0:0:1 - - [05/May/2017:09:01:10 +0000] "POST //localhost:8082/api/login HTTP/1.1" 302 0  5
0:0:0:0:0:0:0:1 - - [05/May/2017:09:01:16 +0000] "POST //localhost:8082/api/login HTTP/1.1" 302 0  6
0:0:0:0:0:0:0:1 - - [05/May/2017:09:01:18 +0000] "POST //localhost:8082/api/login HTTP/1.1" 302 0  5
0:0:0:0:0:0:0:1 - - [05/May/2017:09:01:25 +0000] "POST //localhost:8082/api/login HTTP/1.1" 302 0  5
0:0:0:0:0:0:0:1 - - [05/May/2017:09:04:13 +0000] "POST //localhost:8082/api/login HTTP/1.1" 200 0  48
0:0:0:0:0:0:0:1 - - [05/May/2017:09:04:17 +0000] "POST //localhost:8082/api/login HTTP/1.1" 401 383  11
0:0:0:0:0:0:0:1 - - [05/May/2017:09:04:27 +0000] "POST //localhost:8082/api/login HTTP/1.1" 200 0  5
0:0:0:0:0:0:0:1 - - [05/May/2017:09:04:32 +0000] "POST //localhost:8082/api/login HTTP/1.1" 200 0  4
0:0:0:0:0:0:0:1 - - [05/May/2017:09:04:36 +0000] "POST //localhost:8082/api/login HTTP/1.1" 401 383  3
0:0:0:0:0:0:0:1 - - [05/May/2017:09:04:41 +0000] "POST //localhost:8082/api/login HTTP/1.1" 401 383  3
0:0:0:0:0:0:0:1 - - [05/May/2017:09:04:45 +0000] "POST //localhost:8082/api/login HTTP/1.1" 200 0  4
0:0:0:0:0:0:0:1 - - [05/May/2017:09:05:18 +0000] "POST //localhost:8082/api/login HTTP/1.1" 200 0  56
0:0:0:0:0:0:0:1 - - [05/May/2017:09:05:22 +0000] "POST //localhost:8082/api/login HTTP/1.1" 401 0  4
0:0:0:0:0:0:0:1 - - [05/May/2017:09:06:05 +0000] "POST //localhost:8082/api/login HTTP/1.1" 200 0  52
0:0:0:0:0:0:0:1 - - [05/May/2017:09:06:08 +0000] "POST //localhost:8082/api/login HTTP/1.1" 401 0  7
0:0:0:0:0:0:0:1 - - [05/May/2017:09:06:48 +0000] "POST //localhost:8082/api/login HTTP/1.1" 200 0  55
0:0:0:0:0:0:0:1 - - [05/May/2017:09:06:50 +0000] "POST //localhost:8082/api/login HTTP/1.1" 401 0  8
0:0:0:0:0:0:0:1 - - [05/May/2017:09:07:17 +0000] "POST //localhost:8082/api/login HTTP/1.1" 200 0  45
0:0:0:0:0:0:0:1 - - [05/May/2017:09:07:20 +0000] "POST //localhost:8082/api/login HTTP/1.1" 200 0  6
0:0:0:0:0:0:0:1 - - [05/May/2017:09:07:23 +0000] "POST //localhost:8082/api/login HTTP/1.1" 401 0  4
0:0:0:0:0:0:0:1 - - [05/May/2017:09:07:27 +0000] "POST //localhost:8082/api/login HTTP/1.1" 200 0  3
0:0:0:0:0:0:0:1 - - [05/May/2017:09:07:33 +0000] "GET //localhost:8082/api/users/1 HTTP/1.1" 200 138  261
0:0:0:0:0:0:0:1 - - [05/May/2017:09:09:18 +0000] "POST //localhost:8082/api/users HTTP/1.1" 201 0  121
0:0:0:0:0:0:0:1 - - [05/May/2017:09:09:26 +0000] "GET //localhost:8082/api/users/3 HTTP/1.1" 200 141  7
0:0:0:0:0:0:0:1 - - [05/May/2017:09:09:55 +0000] "GET //localhost:8082/api/users/3 HTTP/1.1" 200 141  5
0:0:0:0:0:0:0:1 - - [05/May/2017:09:10:57 +0000] "POST //localhost:8082/api/users HTTP/1.1" 201 0  80
0:0:0:0:0:0:0:1 - - [05/May/2017:09:11:35 +0000] "POST //localhost:8082/api/users HTTP/1.1" 400 329  7
0:0:0:0:0:0:0:1 - - [05/May/2017:09:11:50 +0000] "POST //localhost:8082/api/users HTTP/1.1" 201 0  78
0:0:0:0:0:0:0:1 - - [05/May/2017:09:12:07 +0000] "POST //localhost:8082/api/users HTTP/1.1" 400 329  2
0:0:0:0:0:0:0:1 - - [05/May/2017:09:12:14 +0000] "POST //localhost:8082/api/users HTTP/1.1" 201 0  65
0:0:0:0:0:0:0:1 - - [05/May/2017:09:13:07 +0000] "POST //localhost:8082/api/users HTTP/1.1" 201 0  63
0:0:0:0:0:0:0:1 - - [05/May/2017:09:14:49 +0000] "POST //localhost:8082/api/users HTTP/1.1" 201 0  68
0:0:0:0:0:0:0:1 - - [05/May/2017:10:27:41 +0000] "GET //localhost:8082/api/users/8 HTTP/1.1" 401 0  60
0:0:0:0:0:0:0:1 - - [05/May/2017:10:27:47 +0000] "GET //localhost:8082/api/login HTTP/1.1" 404 325  21
0:0:0:0:0:0:0:1 - - [05/May/2017:10:29:22 +0000] "POST //localhost:8082/api/login HTTP/1.1" 401 0  12
0:0:0:0:0:0:0:1 - - [05/May/2017:10:29:57 +0000] "POST //localhost:8082/api/login HTTP/1.1" 200 0  8
0:0:0:0:0:0:0:1 - - [05/May/2017:10:30:17 +0000] "POST //localhost:8082/api/users/1 HTTP/1.1" 400 429  34
0:0:0:0:0:0:0:1 - - [05/May/2017:10:30:21 +0000] "GET //localhost:8082/api/users/1 HTTP/1.1" 200 138  250
0:0:0:0:0:0:0:1 - - [05/May/2017:10:31:35 +0000] "POST //localhost:8082/api/users/1 HTTP/1.1" 500 34936  76
0:0:0:0:0:0:0:1 - - [05/May/2017:10:32:10 +0000] "GET //localhost:8082/api/users/1 HTTP/1.1" 200 138  13
0:0:0:0:0:0:0:1 - - [05/May/2017:10:32:38 +0000] "POST //localhost:8082/api/users/1 HTTP/1.1" 400 429  1
0:0:0:0:0:0:0:1 - - [05/May/2017:10:32:46 +0000] "POST //localhost:8082/api/users/1 HTTP/1.1" 400 429  2
0:0:0:0:0:0:0:1 - - [05/May/2017:10:32:59 +0000] "POST //localhost:8082/api/users/1 HTTP/1.1" 400 429  2
0:0:0:0:0:0:0:1 - - [05/May/2017:10:33:03 +0000] "POST //localhost:8082/api/users/1 HTTP/1.1" 400 429  2
0:0:0:0:0:0:0:1 - - [05/May/2017:10:33:27 +0000] "POST //localhost:8082/api/users/1 HTTP/1.1" 400 429  2
0:0:0:0:0:0:0:1 - - [05/May/2017:10:33:50 +0000] "GET //localhost:8082/api/users/1 HTTP/1.1" 200 138  5
0:0:0:0:0:0:0:1 - - [05/May/2017:10:34:05 +0000] "POST //localhost:8082/api/users/1 HTTP/1.1" 400 429  2
0:0:0:0:0:0:0:1 - - [05/May/2017:10:34:15 +0000] "GET //localhost:8082/api/users/1 HTTP/1.1" 200 138  5
0:0:0:0:0:0:0:1 - - [05/May/2017:10:34:43 +0000] "POST //localhost:8082/api/users HTTP/1.1" 400 329  47
0:0:0:0:0:0:0:1 - - [05/May/2017:10:35:05 +0000] "POST //localhost:8082/api/users HTTP/1.1" 201 0  25
0:0:0:0:0:0:0:1 - - [05/May/2017:10:35:14 +0000] "POST //localhost:8082/api/users/1 HTTP/1.1" 400 429  2
0:0:0:0:0:0:0:1 - - [05/May/2017:10:35:52 +0000] "POST //localhost:8082/api/users/1 HTTP/1.1" 400 429  2
0:0:0:0:0:0:0:1 - - [05/May/2017:10:36:14 +0000] "POST //localhost:8082/api/users/1 HTTP/1.1" 401 0  10057
0:0:0:0:0:0:0:1 - - [05/May/2017:10:37:21 +0000] "POST //localhost:8082/api/login HTTP/1.1" 200 0  4334
0:0:0:0:0:0:0:1 - - [05/May/2017:10:37:36 +0000] "POST //localhost:8082/api/users/1 HTTP/1.1" 400 429  67
0:0:0:0:0:0:0:1 - - [05/May/2017:10:38:53 +0000] "POST //localhost:8082/api/login?username=User&password=pass1 HTTP/1.1" 200 0  69
0:0:0:0:0:0:0:1 - - [05/May/2017:10:38:55 +0000] "POST //localhost:8082/api/login?username=User&password=pass1 HTTP/1.1" 200 0  6
0:0:0:0:0:0:0:1 - - [05/May/2017:10:39:04 +0000] "POST //localhost:8082/api/users/1 HTTP/1.1" 400 429  58
0:0:0:0:0:0:0:1 - - [05/May/2017:10:42:45 +0000] "POST //localhost:8082/api/users/1 HTTP/1.1" 401 0  58
0:0:0:0:0:0:0:1 - - [05/May/2017:10:42:54 +0000] "POST //localhost:8082/api/login HTTP/1.1" 401 0  14
0:0:0:0:0:0:0:1 - - [05/May/2017:10:43:03 +0000] "POST //localhost:8082/api/login?username=User&password=pass1 HTTP/1.1" 200 0  7
0:0:0:0:0:0:0:1 - - [05/May/2017:10:43:07 +0000] "POST //localhost:8082/api/login?username=User&password=pass1 HTTP/1.1" 200 0  4
0:0:0:0:0:0:0:1 - - [05/May/2017:10:43:15 +0000] "POST //localhost:8082/api/users/1 HTTP/1.1" 200 0  353
0:0:0:0:0:0:0:1 - - [05/May/2017:10:43:45 +0000] "POST //localhost:8082/api/users/1 HTTP/1.1" 200 0  80
0:0:0:0:0:0:0:1 - - [05/May/2017:10:44:02 +0000] "POST //localhost:8082/api/login?username=User&password=pass1 HTTP/1.1" 200 0  55
0:0:0:0:0:0:0:1 - - [05/May/2017:10:44:10 +0000] "POST //localhost:8082/api/users/1 HTTP/1.1" 200 0  29153
0:0:0:0:0:0:0:1 - - [05/May/2017:10:44:58 +0000] "POST //localhost:8082/api/users/1 HTTP/1.1" 200 0  18580
0:0:0:0:0:0:0:1 - - [05/May/2017:10:45:47 +0000] "POST //localhost:8082/api/login?username=User&password=pass1 HTTP/1.1" 200 0  39
0:0:0:0:0:0:0:1 - - [05/May/2017:10:46:03 +0000] "POST //localhost:8082/api/users/1 HTTP/1.1" 200 0  337
0:0:0:0:0:0:0:1 - - [05/May/2017:10:46:46 +0000] "POST //localhost:8082/api/login?username=User&password=pass1 HTTP/1.1" 200 0  56
0:0:0:0:0:0:0:1 - - [05/May/2017:10:46:57 +0000] "POST //localhost:8082/api/users/1 HTTP/1.1" 200 0  14561
0:0:0:0:0:0:0:1 - - [05/May/2017:10:47:23 +0000] "POST //localhost:8082/api/users/1 HTTP/1.1" 200 0  18769
0:0:0:0:0:0:0:1 - - [05/May/2017:10:48:06 +0000] "POST //localhost:8082/api/users/1 HTTP/1.1" 200 0  74
0:0:0:0:0:0:0:1 - - [05/May/2017:10:48:12 +0000] "POST //localhost:8082/api/users/1 HTTP/1.1" 200 0  68
0:0:0:0:0:0:0:1 - - [05/May/2017:10:58:54 +0000] "POST //localhost:8082/api/login?username=User&password=pass1 HTTP/1.1" 200 0  149
0:0:0:0:0:0:0:1 - - [05/May/2017:10:59:19 +0000] "GET //localhost:8082/api/users/1 HTTP/1.1" 200 193  344
0:0:0:0:0:0:0:1 - - [05/May/2017:10:59:56 +0000] "POST //localhost:8082/api/users/1 HTTP/1.1" 400 429  13
0:0:0:0:0:0:0:1 - - [05/May/2017:11:00:15 +0000] "POST //localhost:8082/api/users/1 HTTP/1.1" 400 429  2
0:0:0:0:0:0:0:1 - - [05/May/2017:11:00:43 +0000] "POST //localhost:8082/api/users/1 HTTP/1.1" 400 429  2
0:0:0:0:0:0:0:1 - - [05/May/2017:11:00:59 +0000] "POST //localhost:8082/api/users HTTP/1.1" 500 49981  204
0:0:0:0:0:0:0:1 - - [05/May/2017:11:01:10 +0000] "POST //localhost:8082/api/users HTTP/1.1" 400 329  7
0:0:0:0:0:0:0:1 - - [05/May/2017:11:01:17 +0000] "POST //localhost:8082/api/users HTTP/1.1" 500 49981  109
0:0:0:0:0:0:0:1 - - [05/May/2017:11:02:49 +0000] "POST //localhost:8082/api/login?username=User&password=pass1 HTTP/1.1" 200 0  158
0:0:0:0:0:0:0:1 - - [05/May/2017:11:02:56 +0000] "POST //localhost:8082/api/users HTTP/1.1" 500 49981  317
0:0:0:0:0:0:0:1 - - [05/May/2017:11:08:36 +0000] "POST //localhost:8082/api/login?username=User&password=pass1 HTTP/1.1" 200 0  139
0:0:0:0:0:0:0:1 - - [05/May/2017:11:08:43 +0000] "POST //localhost:8082/api/users HTTP/1.1" 201 0  335
0:0:0:0:0:0:0:1 - - [05/May/2017:11:10:47 +0000] "POST //localhost:8082/api/login?username=User&password=pass1 HTTP/1.1" 200 0  141
0:0:0:0:0:0:0:1 - - [05/May/2017:11:10:56 +0000] "POST //localhost:8082/api/users HTTP/1.1" 201 0  286
0:0:0:0:0:0:0:1 - - [05/May/2017:11:11:44 +0000] "POST //localhost:8082/api/login?username=User&password=pass1 HTTP/1.1" 200 0  161
0:0:0:0:0:0:0:1 - - [05/May/2017:11:11:50 +0000] "POST //localhost:8082/api/users HTTP/1.1" 201 0  60609
0:0:0:0:0:0:0:1 - - [05/May/2017:11:12:53 +0000] "POST //localhost:8082/api/users HTTP/1.1" 201 0  37466
0:0:0:0:0:0:0:1 - - [05/May/2017:11:14:08 +0000] "POST //localhost:8082/api/users HTTP/1.1" 400 329  15
0:0:0:0:0:0:0:1 - - [05/May/2017:11:14:22 +0000] "POST //localhost:8082/api/users HTTP/1.1" 400 329  3
0:0:0:0:0:0:0:1 - - [05/May/2017:11:14:25 +0000] "POST //localhost:8082/api/users HTTP/1.1" 201 0  2853
0:0:0:0:0:0:0:1 - - [05/May/2017:11:14:53 +0000] "POST //localhost:8082/api/users HTTP/1.1" 201 0  3169
0:0:0:0:0:0:0:1 - - [05/May/2017:11:15:45 +0000] "POST //localhost:8082/api/login?username=User&password=pass1 HTTP/1.1" 200 0  137
0:0:0:0:0:0:0:1 - - [05/May/2017:11:15:55 +0000] "POST //localhost:8082/api/users HTTP/1.1" 201 0  333
0:0:0:0:0:0:0:1 - - [05/May/2017:11:20:14 +0000] "POST //localhost:8082/api/login?username=User&password=pass1 HTTP/1.1" 200 0  135
0:0:0:0:0:0:0:1 - - [05/May/2017:11:20:15 +0000] "POST //localhost:8082/api/login?username=User&password=pass1 HTTP/1.1" 200 0  107
0:0:0:0:0:0:0:1 - - [05/May/2017:11:20:22 +0000] "POST //localhost:8082/api/users HTTP/1.1" 500 62751  340
0:0:0:0:0:0:0:1 - - [05/May/2017:11:27:31 +0000] "POST //localhost:8082/api/login?username=User&password=pass1 HTTP/1.1" 200 0  144
0:0:0:0:0:0:0:1 - - [05/May/2017:11:27:36 +0000] "POST //localhost:8082/api/users HTTP/1.1" 500 62751  310
0:0:0:0:0:0:0:1 - - [05/May/2017:11:29:12 +0000] "POST //localhost:8082/api/login?username=User&password=pass1 HTTP/1.1" 200 0  142
0:0:0:0:0:0:0:1 - - [05/May/2017:11:29:19 +0000] "POST //localhost:8082/api/users HTTP/1.1" 201 0  309
0:0:0:0:0:0:0:1 - - [05/May/2017:11:30:36 +0000] "POST //localhost:8082/api/login?username=User&password=pass1 HTTP/1.1" 200 0  157
0:0:0:0:0:0:0:1 - - [05/May/2017:11:30:41 +0000] "POST //localhost:8082/api/users HTTP/1.1" 201 0  341
0:0:0:0:0:0:0:1 - - [05/May/2017:11:32:55 +0000] "POST //localhost:8082/api/login?username=User&password=pass1 HTTP/1.1" 200 0  138
0:0:0:0:0:0:0:1 - - [05/May/2017:11:33:01 +0000] "POST //localhost:8082/api/users HTTP/1.1" 201 0  309
0:0:0:0:0:0:0:1 - - [05/May/2017:11:56:08 +0000] "POST //localhost:8082/api/login?username=User&password=pass1 HTTP/1.1" 200 0  135
0:0:0:0:0:0:0:1 - - [05/May/2017:11:56:23 +0000] "POST //localhost:8082/api/users HTTP/1.1" 201 0  335
0:0:0:0:0:0:0:1 - - [05/May/2017:11:56:44 +0000] "POST //localhost:8082/api/users HTTP/1.1" 201 0  167
