0:0:0:0:0:0:0:1 - - [11/May/2017:06:15:17 +0000] "POST //localhost:8082/api/login HTTP/1.1" 200 0  142
0:0:0:0:0:0:0:1 - - [11/May/2017:06:15:18 +0000] "GET //localhost:8082/api/users/1 HTTP/1.1" 200 337  256
0:0:0:0:0:0:0:1 - - [11/May/2017:06:23:26 +0000] "POST //localhost:8082/api/login HTTP/1.1" 200 0  141
0:0:0:0:0:0:0:1 - - [11/May/2017:06:23:42 +0000] "GET //localhost:8082/api/users/group/getAll HTTP/1.1" 200 95  248
0:0:0:0:0:0:0:1 - - [11/May/2017:06:24:24 +0000] "POST //localhost:8082/api/login HTTP/1.1" 200 0  129
0:0:0:0:0:0:0:1 - - [11/May/2017:06:24:27 +0000] "GET //localhost:8082/api/users/group/getAll HTTP/1.1" 200 183570  281
0:0:0:0:0:0:0:1 - - [11/May/2017:06:28:32 +0000] "POST //localhost:8082/api/login HTTP/1.1" 200 0  164
0:0:0:0:0:0:0:1 - - [11/May/2017:06:28:33 +0000] "GET //localhost:8082/api/users/group/getAll HTTP/1.1" 200 95  258
0:0:0:0:0:0:0:1 - - [11/May/2017:06:33:58 +0000] "POST //localhost:8082/api/login HTTP/1.1" 200 0  135
0:0:0:0:0:0:0:1 - - [11/May/2017:06:34:01 +0000] "GET //localhost:8082/api/users/group/getAll HTTP/1.1" 200 95  258
0:0:0:0:0:0:0:1 - - [11/May/2017:06:34:29 +0000] "POST //localhost:8082/api/login HTTP/1.1" 200 0  167
0:0:0:0:0:0:0:1 - - [11/May/2017:06:34:31 +0000] "GET //localhost:8082/api/users/group/getAll HTTP/1.1" 200 95  211
0:0:0:0:0:0:0:1 - - [11/May/2017:06:35:41 +0000] "GET //localhost:8082/api/users/group/fbui/3 HTTP/1.1" 200 2  22
0:0:0:0:0:0:0:1 - - [11/May/2017:06:35:46 +0000] "GET //localhost:8082/api/users/group/fbui/1 HTTP/1.1" 200 47  13
0:0:0:0:0:0:0:1 - - [11/May/2017:06:36:29 +0000] "POST //localhost:8082/api/login HTTP/1.1" 200 0  148
0:0:0:0:0:0:0:1 - - [11/May/2017:06:36:31 +0000] "GET //localhost:8082/api/users/1 HTTP/1.1" 200 652  290
0:0:0:0:0:0:0:1 - - [11/May/2017:06:37:18 +0000] "POST //localhost:8082/api/login HTTP/1.1" 200 0  165
0:0:0:0:0:0:0:1 - - [11/May/2017:06:37:20 +0000] "GET //localhost:8082/api/users/1 HTTP/1.1" 200 345  304
0:0:0:0:0:0:0:1 - - [11/May/2017:06:37:49 +0000] "POST //localhost:8082/api/login HTTP/1.1" 200 0  143
0:0:0:0:0:0:0:1 - - [11/May/2017:06:37:51 +0000] "GET //localhost:8082/api/users/1 HTTP/1.1" 200 337  311
0:0:0:0:0:0:0:1 - - [11/May/2017:06:38:01 +0000] "GET //localhost:8082/api/users/group/fbui/1 HTTP/1.1" 200 47  47
0:0:0:0:0:0:0:1 - - [11/May/2017:06:38:04 +0000] "GET //localhost:8082/api/users/group/fbui/3 HTTP/1.1" 200 2  7
0:0:0:0:0:0:0:1 - - [11/May/2017:06:38:13 +0000] "GET //localhost:8082/api/users/group/fbgn/Devils HTTP/1.1" 200 49  19
0:0:0:0:0:0:0:1 - - [11/May/2017:06:40:29 +0000] "POST //localhost:8082/api/login HTTP/1.1" 200 0  142
0:0:0:0:0:0:0:1 - - [11/May/2017:06:40:31 +0000] "GET //localhost:8082/api/users/group/fbgn/Devils HTTP/1.1" 200 183874  285
0:0:0:0:0:0:0:1 - - [11/May/2017:06:41:01 +0000] "POST //localhost:8082/api/login HTTP/1.1" 200 0  138
0:0:0:0:0:0:0:1 - - [11/May/2017:06:41:03 +0000] "GET //localhost:8082/api/users/group/fbgn/Devils HTTP/1.1" 200 49  212
0:0:0:0:0:0:0:1 - - [11/May/2017:06:41:24 +0000] "POST //localhost:8082/api/login HTTP/1.1" 200 0  148
0:0:0:0:0:0:0:1 - - [11/May/2017:06:41:27 +0000] "GET //localhost:8082/api/users/group/fbgn/Devils HTTP/1.1" 200 191874  341
0:0:0:0:0:0:0:1 - - [11/May/2017:06:41:28 +0000] "GET //localhost:8082/api/users/group/fbgn/Devils HTTP/1.1" 200 183874  62
0:0:0:0:0:0:0:1 - - [11/May/2017:06:41:58 +0000] "POST //localhost:8082/api/login HTTP/1.1" 200 0  142
0:0:0:0:0:0:0:1 - - [11/May/2017:06:42:01 +0000] "GET //localhost:8082/api/users/group/fbgn/Devils HTTP/1.1" 200 341  245
0:0:0:0:0:0:0:1 - - [11/May/2017:06:42:23 +0000] "GET //localhost:8082/api/users/group/fbui/1 HTTP/1.1" 200 334  49
0:0:0:0:0:0:0:1 - - [11/May/2017:06:43:44 +0000] "GET //localhost:8082/api/users/group/getAll HTTP/1.1" 200 674  28
0:0:0:0:0:0:0:1 - - [11/May/2017:06:55:08 +0000] "GET //localhost:8082/api/users/1 HTTP/1.1" 200 273  24
0:0:0:0:0:0:0:1 - - [11/May/2017:06:55:25 +0000] "GET //localhost:8082/api/users/group/fbgn/Devils HTTP/1.1" 200 341  18
0:0:0:0:0:0:0:1 - - [11/May/2017:07:03:29 +0000] "POST //localhost:8082/api/login HTTP/1.1" 200 0  149
0:0:0:0:0:0:0:1 - - [11/May/2017:07:03:39 +0000] "GET //localhost:8082/api/users/1 HTTP/1.1" 200 337  253
0:0:0:0:0:0:0:1 - - [11/May/2017:07:03:52 +0000] "GET //localhost:8082/api/users/group/getAll HTTP/1.1" 200 95  51
0:0:0:0:0:0:0:1 - - [11/May/2017:07:05:04 +0000] "POST //localhost:8082/api/login HTTP/1.1" 200 0  147
0:0:0:0:0:0:0:1 - - [11/May/2017:07:05:05 +0000] "GET //localhost:8082/api/users/1 HTTP/1.1" 200 337  256
0:0:0:0:0:0:0:1 - - [11/May/2017:07:05:11 +0000] "GET //localhost:8082/api/users/group/getAll HTTP/1.1" 500 52123  53
0:0:0:0:0:0:0:1 - - [11/May/2017:07:05:49 +0000] "POST //localhost:8082/api/login HTTP/1.1" 200 0  146
0:0:0:0:0:0:0:1 - - [11/May/2017:07:05:54 +0000] "GET //localhost:8082/api/users/group/getAll HTTP/1.1" 500 51902  109
0:0:0:0:0:0:0:1 - - [11/May/2017:07:06:18 +0000] "POST //localhost:8082/api/login HTTP/1.1" 200 0  144
0:0:0:0:0:0:0:1 - - [11/May/2017:07:06:21 +0000] "GET //localhost:8082/api/users/group/getAll HTTP/1.1" 500 57728  178
0:0:0:0:0:0:0:1 - - [11/May/2017:07:07:21 +0000] "POST //localhost:8082/api/login HTTP/1.1" 200 0  170
0:0:0:0:0:0:0:1 - - [11/May/2017:07:07:24 +0000] "GET //localhost:8082/api/users/group/getAll HTTP/1.1" 500 52136  127
0:0:0:0:0:0:0:1 - - [11/May/2017:07:08:37 +0000] "POST //localhost:8082/api/login HTTP/1.1" 200 0  137
0:0:0:0:0:0:0:1 - - [11/May/2017:07:08:39 +0000] "GET //localhost:8082/api/users/group/getAll HTTP/1.1" 500 57272  161
0:0:0:0:0:0:0:1 - - [11/May/2017:07:10:44 +0000] "POST //localhost:8082/api/login HTTP/1.1" 200 0  150
0:0:0:0:0:0:0:1 - - [11/May/2017:07:10:51 +0000] "GET //localhost:8082/api/users/group/getAll HTTP/1.1" 500 57324  176
0:0:0:0:0:0:0:1 - - [11/May/2017:07:11:17 +0000] "POST //localhost:8082/api/login HTTP/1.1" 200 0  135
0:0:0:0:0:0:0:1 - - [11/May/2017:07:11:19 +0000] "GET //localhost:8082/api/users/group/getAll HTTP/1.1" 500 57324  134
0:0:0:0:0:0:0:1 - - [11/May/2017:07:12:13 +0000] "POST //localhost:8082/api/login HTTP/1.1" 200 0  146
0:0:0:0:0:0:0:1 - - [11/May/2017:07:12:15 +0000] "GET //localhost:8082/api/users/group/getAll HTTP/1.1" 500 57324  180
0:0:0:0:0:0:0:1 - - [11/May/2017:07:13:22 +0000] "POST //localhost:8082/api/login HTTP/1.1" 200 0  151
0:0:0:0:0:0:0:1 - - [11/May/2017:07:13:24 +0000] "GET //localhost:8082/api/users/group/getAll HTTP/1.1" 500 57272  184
0:0:0:0:0:0:0:1 - - [11/May/2017:07:13:57 +0000] "POST //localhost:8082/api/login HTTP/1.1" 200 0  146
0:0:0:0:0:0:0:1 - - [11/May/2017:07:14:01 +0000] "GET //localhost:8082/api/users/group/getAll HTTP/1.1" 200 95  305
0:0:0:0:0:0:0:1 - - [11/May/2017:07:14:43 +0000] "POST //localhost:8082/api/login HTTP/1.1" 200 0  138
0:0:0:0:0:0:0:1 - - [11/May/2017:07:14:46 +0000] "GET //localhost:8082/api/users/group/getAll HTTP/1.1" 500 57572  161
0:0:0:0:0:0:0:1 - - [11/May/2017:07:15:40 +0000] "POST //localhost:8082/api/login HTTP/1.1" 200 0  149
0:0:0:0:0:0:0:1 - - [11/May/2017:07:15:41 +0000] "GET //localhost:8082/api/users/group/getAll HTTP/1.1" 500 57272  137
0:0:0:0:0:0:0:1 - - [11/May/2017:07:16:40 +0000] "POST //localhost:8082/api/login HTTP/1.1" 200 0  157
0:0:0:0:0:0:0:1 - - [11/May/2017:07:16:43 +0000] "GET //localhost:8082/api/users/group/getAll HTTP/1.1" 200 95  241
0:0:0:0:0:0:0:1 - - [11/May/2017:07:17:11 +0000] "GET //localhost:8082/api/users/group/fbui/1 HTTP/1.1" 200 47  42
0:0:0:0:0:0:0:1 - - [11/May/2017:07:17:15 +0000] "GET //localhost:8082/api/users/group/fbgn/Devils HTTP/1.1" 200 49  27
0:0:0:0:0:0:0:1 - - [11/May/2017:07:18:26 +0000] "POST //localhost:8082/api/login HTTP/1.1" 200 0  138
0:0:0:0:0:0:0:1 - - [11/May/2017:07:18:29 +0000] "GET //localhost:8082/api/users/group/getAll HTTP/1.1" 200 866  301
0:0:0:0:0:0:0:1 - - [11/May/2017:07:19:55 +0000] "POST //localhost:8082/api/login HTTP/1.1" 200 0  144
0:0:0:0:0:0:0:1 - - [11/May/2017:07:19:56 +0000] "GET //localhost:8082/api/users/group/getAll HTTP/1.1" 200 866  281
0:0:0:0:0:0:0:1 - - [11/May/2017:07:20:24 +0000] "POST //localhost:8082/api/login HTTP/1.1" 200 0  149
0:0:0:0:0:0:0:1 - - [11/May/2017:07:20:27 +0000] "GET //localhost:8082/api/users/group/getAll HTTP/1.1" 200 866  241
0:0:0:0:0:0:0:1 - - [11/May/2017:07:20:53 +0000] "POST //localhost:8082/api/login HTTP/1.1" 200 0  139
0:0:0:0:0:0:0:1 - - [11/May/2017:07:20:57 +0000] "GET //localhost:8082/api/users/group/getAll HTTP/1.1" 200 866  320
0:0:0:0:0:0:0:1 - - [11/May/2017:07:22:46 +0000] "POST //localhost:8082/api/login HTTP/1.1" 200 0  136
0:0:0:0:0:0:0:1 - - [11/May/2017:07:22:48 +0000] "GET //localhost:8082/api/users/group/getAll HTTP/1.1" 200 175589  402
0:0:0:0:0:0:0:1 - - [11/May/2017:07:23:58 +0000] "POST //localhost:8082/api/login HTTP/1.1" 200 0  146
0:0:0:0:0:0:0:1 - - [11/May/2017:07:24:00 +0000] "GET //localhost:8082/api/users/group/getAll HTTP/1.1" 200 95  215
0:0:0:0:0:0:0:1 - - [11/May/2017:07:24:28 +0000] "POST //localhost:8082/api/login HTTP/1.1" 200 0  152
0:0:0:0:0:0:0:1 - - [11/May/2017:07:24:31 +0000] "GET //localhost:8082/api/users/group/getAll HTTP/1.1" 200 674  428
0:0:0:0:0:0:0:1 - - [11/May/2017:07:24:51 +0000] "GET //localhost:8082/api/users/1 HTTP/1.1" 200 273  39
0:0:0:0:0:0:0:1 - - [11/May/2017:07:34:09 +0000] "POST //localhost:8082/api/login HTTP/1.1" 200 0  140
0:0:0:0:0:0:0:1 - - [11/May/2017:07:34:12 +0000] "GET //localhost:8082/api/users/1 HTTP/1.1" 200 183569  312
0:0:0:0:0:0:0:1 - - [11/May/2017:07:34:35 +0000] "POST //localhost:8082/api/login HTTP/1.1" 200 0  129
0:0:0:0:0:0:0:1 - - [11/May/2017:07:34:37 +0000] "GET //localhost:8082/api/users/1 HTTP/1.1" 200 337  245
0:0:0:0:0:0:0:1 - - [11/May/2017:07:35:18 +0000] "GET //localhost:8082/api/users/group/getAll HTTP/1.1" 200 95  56
0:0:0:0:0:0:0:1 - - [11/May/2017:07:37:39 +0000] "POST //localhost:8082/api/login HTTP/1.1" 200 0  151
0:0:0:0:0:0:0:1 - - [11/May/2017:07:37:41 +0000] "GET //localhost:8082/api/users/1 HTTP/1.1" 200 337  235
0:0:0:0:0:0:0:1 - - [11/May/2017:07:37:47 +0000] "GET //localhost:8082/api/users/group/getAll HTTP/1.1" 200 95  61
0:0:0:0:0:0:0:1 - - [11/May/2017:07:37:50 +0000] "GET //localhost:8082/api/users/group/fbui/3 HTTP/1.1" 200 2  10
0:0:0:0:0:0:0:1 - - [11/May/2017:07:37:54 +0000] "GET //localhost:8082/api/users/group/fbui/1 HTTP/1.1" 200 47  15
0:0:0:0:0:0:0:1 - - [11/May/2017:07:37:59 +0000] "GET //localhost:8082/api/users/group/fbgn/Devils HTTP/1.1" 200 49  23
0:0:0:0:0:0:0:1 - - [11/May/2017:07:39:57 +0000] "GET //localhost:8082/api/users/1 HTTP/1.1" 200 337  10
0:0:0:0:0:0:0:1 - - [11/May/2017:07:40:03 +0000] "GET //localhost:8082/api/users/group/getAll HTTP/1.1" 200 95  20
0:0:0:0:0:0:0:1 - - [11/May/2017:07:40:41 +0000] "POST //localhost:8082/api/login HTTP/1.1" 200 0  140
0:0:0:0:0:0:0:1 - - [11/May/2017:07:40:44 +0000] "GET //localhost:8082/api/users/1 HTTP/1.1" 200 183569  423
0:0:0:0:0:0:0:1 - - [11/May/2017:07:50:06 +0000] "POST //localhost:8082/api/login HTTP/1.1" 200 0  143
0:0:0:0:0:0:0:1 - - [11/May/2017:07:50:08 +0000] "GET //localhost:8082/api/users/1 HTTP/1.1" 200 337  274
0:0:0:0:0:0:0:1 - - [11/May/2017:07:50:14 +0000] "GET //localhost:8082/api/users/group/getAll HTTP/1.1" 200 95  47
0:0:0:0:0:0:0:1 - - [11/May/2017:07:50:17 +0000] "GET //localhost:8082/api/users/group/fbui/3 HTTP/1.1" 200 2  10
0:0:0:0:0:0:0:1 - - [11/May/2017:07:50:20 +0000] "GET //localhost:8082/api/users/group/fbui/1 HTTP/1.1" 200 47  15
0:0:0:0:0:0:0:1 - - [11/May/2017:07:50:24 +0000] "GET //localhost:8082/api/users/group/fbgn/Devils HTTP/1.1" 200 49  29
0:0:0:0:0:0:0:1 - - [11/May/2017:07:53:49 +0000] "GET //localhost:8082/api/users/group/getAll HTTP/1.1" 200 95  17
0:0:0:0:0:0:0:1 - - [11/May/2017:07:53:57 +0000] "GET //localhost:8082/api/users/group/fbui/1 HTTP/1.1" 200 47  8
0:0:0:0:0:0:0:1 - - [11/May/2017:07:54:00 +0000] "GET //localhost:8082/api/users/group/fbgn/Devils HTTP/1.1" 200 49  9
0:0:0:0:0:0:0:1 - - [11/May/2017:07:54:10 +0000] "POST //localhost:8082/api/users/ HTTP/1.1" 415 352  51
0:0:0:0:0:0:0:1 - - [11/May/2017:07:54:58 +0000] "POST //localhost:8082/api/login HTTP/1.1" 200 0  159
0:0:0:0:0:0:0:1 - - [11/May/2017:07:55:02 +0000] "GET //localhost:8082/api/users/1 HTTP/1.1" 200 235  290
0:0:0:0:0:0:0:1 - - [11/May/2017:07:55:10 +0000] "POST //localhost:8082/api/login HTTP/1.1" 200 0  104
0:0:0:0:0:0:0:1 - - [11/May/2017:07:55:17 +0000] "POST //localhost:8082/api/users/ HTTP/1.1" 500 67952  225
0:0:0:0:0:0:0:1 - - [11/May/2017:07:55:26 +0000] "POST //localhost:8082/api/users/ HTTP/1.1" 201 0  132
0:0:0:0:0:0:0:1 - - [11/May/2017:07:56:08 +0000] "POST //localhost:8082/api/login HTTP/1.1" 200 0  140
0:0:0:0:0:0:0:1 - - [11/May/2017:07:56:10 +0000] "GET //localhost:8082/api/users/1 HTTP/1.1" 200 337  233
0:0:0:0:0:0:0:1 - - [11/May/2017:07:56:19 +0000] "POST //localhost:8082/api/users/ HTTP/1.1" 201 0  216
0:0:0:0:0:0:0:1 - - [11/May/2017:07:56:25 +0000] "GET //localhost:8082/api/users/3 HTTP/1.1" 200 197  22
0:0:0:0:0:0:0:1 - - [11/May/2017:07:56:33 +0000] "GET //localhost:8082/api/users/group/getAll HTTP/1.1" 200 95  41
0:0:0:0:0:0:0:1 - - [11/May/2017:08:02:59 +0000] "POST //localhost:8082/api/login HTTP/1.1" 200 0  144
0:0:0:0:0:0:0:1 - - [11/May/2017:08:03:01 +0000] "GET //localhost:8082/api/users/1 HTTP/1.1" 200 183569  297
0:0:0:0:0:0:0:1 - - [11/May/2017:08:04:43 +0000] "POST //localhost:8082/api/login HTTP/1.1" 200 0  155
0:0:0:0:0:0:0:1 - - [11/May/2017:08:04:45 +0000] "GET //localhost:8082/api/users/1 HTTP/1.1" 200 183569  317
0:0:0:0:0:0:0:1 - - [11/May/2017:08:05:46 +0000] "POST //localhost:8082/api/login HTTP/1.1" 200 0  149
0:0:0:0:0:0:0:1 - - [11/May/2017:08:05:47 +0000] "GET //localhost:8082/api/users/1 HTTP/1.1" 200 273  263
0:0:0:0:0:0:0:1 - - [11/May/2017:08:07:41 +0000] "POST //localhost:8082/api/login HTTP/1.1" 200 0  141
0:0:0:0:0:0:0:1 - - [11/May/2017:08:07:42 +0000] "GET //localhost:8082/api/users/1 HTTP/1.1" 200 273  203
0:0:0:0:0:0:0:1 - - [11/May/2017:08:08:42 +0000] "POST //localhost:8082/api/login HTTP/1.1" 200 0  137
0:0:0:0:0:0:0:1 - - [11/May/2017:08:08:43 +0000] "GET //localhost:8082/api/users/1 HTTP/1.1" 200 337  298
0:0:0:0:0:0:0:1 - - [11/May/2017:08:08:55 +0000] "GET //localhost:8082/api/users/group/getAll HTTP/1.1" 200 95  45
0:0:0:0:0:0:0:1 - - [11/May/2017:08:09:24 +0000] "POST //localhost:8082/api/login HTTP/1.1" 200 0  148
0:0:0:0:0:0:0:1 - - [11/May/2017:08:09:25 +0000] "GET //localhost:8082/api/users/1 HTTP/1.1" 200 273  247
0:0:0:0:0:0:0:1 - - [11/May/2017:08:09:28 +0000] "GET //localhost:8082/api/users/group/getAll HTTP/1.1" 200 674  77
0:0:0:0:0:0:0:1 - - [11/May/2017:08:12:47 +0000] "GET //localhost:8082/api/users/group/fbgn/Devils HTTP/1.1" 200 341  28
0:0:0:0:0:0:0:1 - - [11/May/2017:08:12:53 +0000] "GET //localhost:8082/api/users/group/fbui/1 HTTP/1.1" 200 334  18
0:0:0:0:0:0:0:1 - - [11/May/2017:08:12:59 +0000] "GET //localhost:8082/api/users/group/getAll HTTP/1.1" 200 674  22
0:0:0:0:0:0:0:1 - - [11/May/2017:08:13:08 +0000] "GET //localhost:8082/api/users/1 HTTP/1.1" 200 273  14
0:0:0:0:0:0:0:1 - - [11/May/2017:08:13:22 +0000] "GET //localhost:8082/api/users/group/fbui/1 HTTP/1.1" 200 334  11
0:0:0:0:0:0:0:1 - - [11/May/2017:08:13:35 +0000] "POST //localhost:8082/api/users/ HTTP/1.1" 415 352  57
0:0:0:0:0:0:0:1 - - [11/May/2017:08:16:40 +0000] "POST //localhost:8082/api/login HTTP/1.1" 200 0  150
0:0:0:0:0:0:0:1 - - [11/May/2017:08:16:41 +0000] "GET //localhost:8082/api/users/1 HTTP/1.1" 200 273  288
0:0:0:0:0:0:0:1 - - [11/May/2017:08:16:50 +0000] "POST //localhost:8082/api/users/ HTTP/1.1" 201 0  221
0:0:0:0:0:0:0:1 - - [11/May/2017:08:16:56 +0000] "GET //localhost:8082/api/users/group/getAll HTTP/1.1" 200 674  50
0:0:0:0:0:0:0:1 - - [11/May/2017:08:17:08 +0000] "GET //localhost:8082/api/users/group/fbui/3 HTTP/1.1" 200 2  14
0:0:0:0:0:0:0:1 - - [11/May/2017:08:17:11 +0000] "GET //localhost:8082/api/users/group/fbui/1 HTTP/1.1" 200 334  11
0:0:0:0:0:0:0:1 - - [11/May/2017:08:17:15 +0000] "GET //localhost:8082/api/users/group/fbgn/Devils HTTP/1.1" 200 341  15
0:0:0:0:0:0:0:1 - - [11/May/2017:08:17:29 +0000] "GET //localhost:8082/api/users/companies/Damn HTTP/1.1" 200 2  6
0:0:0:0:0:0:0:1 - - [11/May/2017:08:17:53 +0000] "GET //localhost:8082/api/users/companies/JobWork HTTP/1.1" 200 275  11
0:0:0:0:0:0:0:1 - - [11/May/2017:08:18:12 +0000] "GET //localhost:8082/api/users/companies/TryHard HTTP/1.1" 200 2  5
0:0:0:0:0:0:0:1 - - [11/May/2017:08:18:23 +0000] "GET //localhost:8082/api/users/companies/Tryhard HTTP/1.1" 200 280  8
0:0:0:0:0:0:0:1 - - [11/May/2017:08:19:16 +0000] "GET //localhost:8082/api/users/companies/Tryhard HTTP/1.1" 200 1108  12
0:0:0:0:0:0:0:1 - - [11/May/2017:08:19:27 +0000] "GET //localhost:8082/api/users/companies/JobWork HTTP/1.1" 200 1075  12
0:0:0:0:0:0:0:1 - - [11/May/2017:08:19:34 +0000] "GET //localhost:8082/api/users/3 HTTP/1.1" 200 265  17
0:0:0:0:0:0:0:1 - - [11/May/2017:08:19:46 +0000] "GET //localhost:8082/api/users/1 HTTP/1.1" 200 273  12
0:0:0:0:0:0:0:1 - - [11/May/2017:08:19:50 +0000] "GET //localhost:8082/api/users/group/getAll HTTP/1.1" 200 674  29
0:0:0:0:0:0:0:1 - - [11/May/2017:08:19:54 +0000] "GET //localhost:8082/api/users/group/fbui/3 HTTP/1.1" 200 2  4
0:0:0:0:0:0:0:1 - - [11/May/2017:08:19:58 +0000] "GET //localhost:8082/api/users/group/fbui/1 HTTP/1.1" 200 334  14
0:0:0:0:0:0:0:1 - - [11/May/2017:08:20:03 +0000] "GET //localhost:8082/api/users/group/fbgn/Devils HTTP/1.1" 200 341  14
0:0:0:0:0:0:0:1 - - [11/May/2017:08:20:25 +0000] "GET //localhost:8082/api/passport/1234567 HTTP/1.1" 404 336  6
0:0:0:0:0:0:0:1 - - [11/May/2017:08:20:58 +0000] "GET //localhost:8082/api/passport/123456 HTTP/1.1" 404 335  6
0:0:0:0:0:0:0:1 - - [11/May/2017:08:21:09 +0000] "GET //localhost:8082/api/users/passport/123456 HTTP/1.1" 200 278  14
0:0:0:0:0:0:0:1 - - [11/May/2017:08:33:59 +0000] "POST //localhost:8082/api/login HTTP/1.1" 200 0  144
0:0:0:0:0:0:0:1 - - [11/May/2017:08:34:01 +0000] "GET //localhost:8082/api/users/1 HTTP/1.1" 200 273  272
0:0:0:0:0:0:0:1 - - [11/May/2017:08:34:05 +0000] "GET //localhost:8082/api/users/companies/TryHard HTTP/1.1" 200 2  20
0:0:0:0:0:0:0:1 - - [11/May/2017:08:34:09 +0000] "GET //localhost:8082/api/users/companies/Tryhard HTTP/1.1" 200 1108  23
0:0:0:0:0:0:0:1 - - [11/May/2017:08:34:17 +0000] "GET //localhost:8082/api/users/group/fbgn/Devils HTTP/1.1" 200 341  32
0:0:0:0:0:0:0:1 - - [11/May/2017:08:34:22 +0000] "GET //localhost:8082/api/users/group/fbui/1 HTTP/1.1" 200 334  73
0:0:0:0:0:0:0:1 - - [11/May/2017:08:34:26 +0000] "GET //localhost:8082/api/users/group/fbui/3 HTTP/1.1" 200 2  5
0:0:0:0:0:0:0:1 - - [11/May/2017:08:34:29 +0000] "GET //localhost:8082/api/users/group/getAll HTTP/1.1" 200 674  22
0:0:0:0:0:0:0:1 - - [11/May/2017:08:34:38 +0000] "GET //localhost:8082/api/users/4 HTTP/1.1" 200 0  7
0:0:0:0:0:0:0:1 - - [11/May/2017:08:34:41 +0000] "GET //localhost:8082/api/passport/123456 HTTP/1.1" 404 335  7
0:0:0:0:0:0:0:1 - - [11/May/2017:08:34:45 +0000] "GET //localhost:8082/api/users/passport/123456 HTTP/1.1" 200 278  13
0:0:0:0:0:0:0:1 - - [11/May/2017:08:35:00 +0000] "GET //localhost:8082/api/users/group/fbui/3 HTTP/1.1" 200 2  6
0:0:0:0:0:0:0:1 - - [11/May/2017:08:35:03 +0000] "GET //localhost:8082/api/users/group/fbgn/Devils HTTP/1.1" 200 341  25
0:0:0:0:0:0:0:1 - - [11/May/2017:08:35:07 +0000] "GET //localhost:8082/api/users/group/fbgi/2 HTTP/1.1" 200 341  15
0:0:0:0:0:0:0:1 - - [11/May/2017:08:35:18 +0000] "POST //localhost:8082/api/users/ HTTP/1.1" 201 0  334
0:0:0:0:0:0:0:1 - - [11/May/2017:09:23:14 +0000] "POST //localhost:8082/api/login HTTP/1.1" 200 0  137
0:0:0:0:0:0:0:1 - - [11/May/2017:09:23:17 +0000] "GET //localhost:8082/api/users/1 HTTP/1.1" 200 273  287
0:0:0:0:0:0:0:1 - - [11/May/2017:09:25:33 +0000] "POST //localhost:8082/api/users/changePassword HTTP/1.1" 200 0  177
0:0:0:0:0:0:0:1 - - [11/May/2017:09:25:51 +0000] "POST //localhost:8082/api/logout HTTP/1.1" 302 0  2
0:0:0:0:0:0:0:1 - - [11/May/2017:09:25:54 +0000] "POST //localhost:8082/api/login HTTP/1.1" 200 0  96
0:0:0:0:0:0:0:1 - - [11/May/2017:09:31:03 +0000] "POST //localhost:8082/api/login HTTP/1.1" 401 0  109
0:0:0:0:0:0:0:1 - - [11/May/2017:09:32:05 +0000] "POST //localhost:8082/api/login HTTP/1.1" 200 0  153
0:0:0:0:0:0:0:1 - - [11/May/2017:09:32:08 +0000] "GET //localhost:8082/api/users/1 HTTP/1.1" 200 273  276
0:0:0:0:0:0:0:1 - - [11/May/2017:09:32:17 +0000] "POST //localhost:8082/api/users/changePassword HTTP/1.1" 200 0  129
0:0:0:0:0:0:0:1 - - [11/May/2017:09:32:22 +0000] "POST //localhost:8082/api/logout HTTP/1.1" 302 0  2
0:0:0:0:0:0:0:1 - - [11/May/2017:09:32:24 +0000] "GET //localhost:8082/api/users/1 HTTP/1.1" 401 0  5
0:0:0:0:0:0:0:1 - - [11/May/2017:09:32:38 +0000] "POST //localhost:8082/api/login HTTP/1.1" 401 0  4
0:0:0:0:0:0:0:1 - - [11/May/2017:09:33:00 +0000] "POST //localhost:8082/api/logout HTTP/1.1" 302 0  0
0:0:0:0:0:0:0:1 - - [11/May/2017:09:33:15 +0000] "POST //localhost:8082/api/login HTTP/1.1" 401 0  4
0:0:0:0:0:0:0:1 - - [11/May/2017:09:34:16 +0000] "POST //localhost:8082/api/login HTTP/1.1" 401 0  39
0:0:0:0:0:0:0:1 - - [11/May/2017:09:35:27 +0000] "POST //localhost:8082/api/login HTTP/1.1" 200 0  145
0:0:0:0:0:0:0:1 - - [11/May/2017:09:35:29 +0000] "GET //localhost:8082/api/users/1 HTTP/1.1" 200 273  232
0:0:0:0:0:0:0:1 - - [11/May/2017:09:35:41 +0000] "POST //localhost:8082/api/users/changePassword HTTP/1.1" 200 0  129
0:0:0:0:0:0:0:1 - - [11/May/2017:09:35:45 +0000] "POST //localhost:8082/api/logout HTTP/1.1" 302 0  2
0:0:0:0:0:0:0:1 - - [11/May/2017:09:35:49 +0000] "POST //localhost:8082/api/login HTTP/1.1" 401 0  100
0:0:0:0:0:0:0:1 - - [11/May/2017:09:35:51 +0000] "POST //localhost:8082/api/login HTTP/1.1" 200 0  95
0:0:0:0:0:0:0:1 - - [11/May/2017:09:36:05 +0000] "POST //localhost:8082/api/users/changePassword HTTP/1.1" 200 0  117
0:0:0:0:0:0:0:1 - - [11/May/2017:10:08:42 +0000] "POST //localhost:8082/api/login HTTP/1.1" 401 0  151
0:0:0:0:0:0:0:1 - - [11/May/2017:10:08:46 +0000] "POST //localhost:8082/api/login HTTP/1.1" 200 0  128
0:0:0:0:0:0:0:1 - - [11/May/2017:10:09:02 +0000] "POST //localhost:8082/api/admin/group/getAll HTTP/1.1" 403 0  13
0:0:0:0:0:0:0:1 - - [11/May/2017:10:09:13 +0000] "POST //localhost:8082/api/logout HTTP/1.1" 302 0  2
0:0:0:0:0:0:0:1 - - [11/May/2017:10:09:27 +0000] "POST //localhost:8082/api/login HTTP/1.1" 200 0  113
0:0:0:0:0:0:0:1 - - [11/May/2017:10:09:31 +0000] "POST //localhost:8082/api/admin/group/getAll HTTP/1.1" 403 0  2
0:0:0:0:0:0:0:1 - - [11/May/2017:10:11:45 +0000] "GET //localhost:8082/api/users/1 HTTP/1.1" 200 273  205
0:0:0:0:0:0:0:1 - - [11/May/2017:10:14:01 +0000] "POST //localhost:8082/api/admin/group/getAll HTTP/1.1" 500 14889  47
0:0:0:0:0:0:0:1 - - [11/May/2017:10:14:24 +0000] "POST //localhost:8082/api/login HTTP/1.1" 200 0  134
0:0:0:0:0:0:0:1 - - [11/May/2017:10:14:28 +0000] "POST //localhost:8082/api/admin/group/getAll HTTP/1.1" 500 14889  15
0:0:0:0:0:0:0:1 - - [11/May/2017:10:15:19 +0000] "POST //localhost:8082/api/login HTTP/1.1" 200 0  138
0:0:0:0:0:0:0:1 - - [11/May/2017:10:15:21 +0000] "GET //localhost:8082/api/users/1 HTTP/1.1" 200 273  277
0:0:0:0:0:0:0:1 - - [11/May/2017:10:15:32 +0000] "GET //localhost:8082/api/admin/group/getAll HTTP/1.1" 403 0  3
0:0:0:0:0:0:0:1 - - [11/May/2017:10:16:25 +0000] "POST //localhost:8082/api/admin/group/getAll HTTP/1.1" 403 0  6
0:0:0:0:0:0:0:1 - - [11/May/2017:10:28:12 +0000] "POST //localhost:8082/api/login HTTP/1.1" 200 0  164
0:0:0:0:0:0:0:1 - - [11/May/2017:10:28:15 +0000] "GET //localhost:8082/api/users/1 HTTP/1.1" 200 273  266
0:0:0:0:0:0:0:1 - - [11/May/2017:10:28:48 +0000] "GET //localhost:8082/api/admin/group/getAll HTTP/1.1" 403 0  3
0:0:0:0:0:0:0:1 - - [11/May/2017:10:29:01 +0000] "POST //localhost:8082/api/login HTTP/1.1" 401 0  97
0:0:0:0:0:0:0:1 - - [11/May/2017:10:29:06 +0000] "POST //localhost:8082/api/login HTTP/1.1" 200 0  123
0:0:0:0:0:0:0:1 - - [11/May/2017:10:29:09 +0000] "GET //localhost:8082/api/admin/group/getAll HTTP/1.1" 403 0  2
0:0:0:0:0:0:0:1 - - [11/May/2017:10:29:16 +0000] "POST //localhost:8082/api/users/group/getAll HTTP/1.1" 404 338  9
0:0:0:0:0:0:0:1 - - [11/May/2017:10:30:17 +0000] "POST //localhost:8082/api/login HTTP/1.1" 200 0  165
0:0:0:0:0:0:0:1 - - [11/May/2017:10:30:19 +0000] "GET //localhost:8082/api/users/1 HTTP/1.1" 200 273  273
0:0:0:0:0:0:0:1 - - [11/May/2017:10:30:24 +0000] "GET //localhost:8082/api/admin/group/getAll HTTP/1.1" 500 14766  19
0:0:0:0:0:0:0:1 - - [11/May/2017:10:47:25 +0000] "POST //localhost:8082/api/logout HTTP/1.1" 302 0  2
0:0:0:0:0:0:0:1 - - [11/May/2017:10:58:39 +0000] "POST //localhost:8082/api/login HTTP/1.1" 401 0  146
0:0:0:0:0:0:0:1 - - [11/May/2017:10:58:41 +0000] "POST //localhost:8082/api/login HTTP/1.1" 200 0  113
0:0:0:0:0:0:0:1 - - [11/May/2017:10:58:44 +0000] "GET //localhost:8082/api/users/1 HTTP/1.1" 200 273  284
0:0:0:0:0:0:0:1 - - [11/May/2017:10:58:50 +0000] "POST //localhost:8082/api/users/group/getAll HTTP/1.1" 405 410  9
0:0:0:0:0:0:0:1 - - [11/May/2017:10:58:54 +0000] "GET //localhost:8082/api/users/group/getAll HTTP/1.1" 200 674  66
0:0:0:0:0:0:0:1 - - [11/May/2017:11:01:59 +0000] "POST //localhost:8082/api/login HTTP/1.1" 200 0  157
0:0:0:0:0:0:0:1 - - [11/May/2017:11:02:07 +0000] "GET //localhost:8082/api/admin/group/getAll HTTP/1.1" 200 674  346
0:0:0:0:0:0:0:1 - - [11/May/2017:11:03:17 +0000] "POST //localhost:8082/api/logout HTTP/1.1" 200 0  1
0:0:0:0:0:0:0:1 - - [11/May/2017:11:03:30 +0000] "POST //localhost:8082/api/login HTTP/1.1" 200 0  101
0:0:0:0:0:0:0:1 - - [11/May/2017:11:03:35 +0000] "GET //localhost:8082/api/admin/group/getAll HTTP/1.1" 200 674  20
0:0:0:0:0:0:0:1 - - [11/May/2017:11:05:11 +0000] "POST //localhost:8082/api/login HTTP/1.1" 200 0  143
0:0:0:0:0:0:0:1 - - [11/May/2017:11:05:23 +0000] "POST //localhost:8082/api/users/changePassword HTTP/1.1" 200 0  97
0:0:0:0:0:0:0:1 - - [11/May/2017:11:06:30 +0000] "POST //localhost:8082/api/logout HTTP/1.1" 200 0  2
0:0:0:0:0:0:0:1 - - [11/May/2017:11:06:57 +0000] "POST //localhost:8082/api/login HTTP/1.1" 401 0  105
0:0:0:0:0:0:0:1 - - [11/May/2017:11:07:00 +0000] "POST //localhost:8082/api/login HTTP/1.1" 200 0  110
0:0:0:0:0:0:0:1 - - [11/May/2017:11:08:30 +0000] "POST //localhost:8082/api/login HTTP/1.1" 200 0  102
0:0:0:0:0:0:0:1 - - [11/May/2017:11:08:34 +0000] "POST //localhost:8082/api/admin/group/getAll HTTP/1.1" 405 410  7
0:0:0:0:0:0:0:1 - - [11/May/2017:11:08:38 +0000] "GET //localhost:8082/api/admin/group/getAll HTTP/1.1" 200 674  175
0:0:0:0:0:0:0:1 - - [11/May/2017:11:08:43 +0000] "POST //localhost:8082/api/login HTTP/1.1" 200 0  103
0:0:0:0:0:0:0:1 - - [11/May/2017:11:08:47 +0000] "GET //localhost:8082/api/admin/group/getAll HTTP/1.1" 200 674  17
0:0:0:0:0:0:0:1 - - [11/May/2017:11:09:33 +0000] "POST //localhost:8082/api/login HTTP/1.1" 200 0  143
0:0:0:0:0:0:0:1 - - [11/May/2017:11:09:35 +0000] "GET //localhost:8082/api/users/1 HTTP/1.1" 200 273  263
0:0:0:0:0:0:0:1 - - [11/May/2017:11:09:38 +0000] "POST //localhost:8082/api/admin/group/getAll HTTP/1.1" 405 410  8
0:0:0:0:0:0:0:1 - - [11/May/2017:11:09:41 +0000] "GET //localhost:8082/api/admin/group/getAll HTTP/1.1" 200 674  64
0:0:0:0:0:0:0:1 - - [11/May/2017:11:10:02 +0000] "POST //localhost:8082/api/login HTTP/1.1" 200 0  205
0:0:0:0:0:0:0:1 - - [11/May/2017:11:10:04 +0000] "POST //localhost:8082/api/login HTTP/1.1" 200 0  106
0:0:0:0:0:0:0:1 - - [11/May/2017:11:10:07 +0000] "GET //localhost:8082/api/users/4 HTTP/1.1" 200 0  135
0:0:0:0:0:0:0:1 - - [11/May/2017:11:10:10 +0000] "GET //localhost:8082/api/users/1 HTTP/1.1" 200 273  109
0:0:0:0:0:0:0:1 - - [11/May/2017:11:10:14 +0000] "GET //localhost:8082/api/admin/group/getAll HTTP/1.1" 403 0  3
0:0:0:0:0:0:0:1 - - [11/May/2017:11:10:17 +0000] "POST //localhost:8082/api/logout HTTP/1.1" 200 0  1
0:0:0:0:0:0:0:1 - - [11/May/2017:11:10:21 +0000] "POST //localhost:8082/api/login HTTP/1.1" 200 0  99
0:0:0:0:0:0:0:1 - - [11/May/2017:11:10:24 +0000] "GET //localhost:8082/api/admin/group/getAll HTTP/1.1" 403 0  1
0:0:0:0:0:0:0:1 - - [11/May/2017:11:10:47 +0000] "POST //localhost:8082/api/login HTTP/1.1" 200 0  135
0:0:0:0:0:0:0:1 - - [11/May/2017:11:10:50 +0000] "GET //localhost:8082/api/users/1 HTTP/1.1" 200 273  236
0:0:0:0:0:0:0:1 - - [11/May/2017:11:10:54 +0000] "GET //localhost:8082/api/admin/group/getAll HTTP/1.1" 403 0  3
0:0:0:0:0:0:0:1 - - [11/May/2017:11:10:57 +0000] "POST //localhost:8082/api/logout HTTP/1.1" 200 0  2
0:0:0:0:0:0:0:1 - - [11/May/2017:11:10:59 +0000] "POST //localhost:8082/api/login HTTP/1.1" 200 0  96
0:0:0:0:0:0:0:1 - - [11/May/2017:11:11:02 +0000] "GET //localhost:8082/api/admin/group/getAll HTTP/1.1" 200 674  88
0:0:0:0:0:0:0:1 - - [11/May/2017:11:18:28 +0000] "POST //localhost:8082/api/login HTTP/1.1" 200 0  131
0:0:0:0:0:0:0:1 - - [11/May/2017:11:18:40 +0000] "POST //localhost:8082/api/admin/findAll HTTP/1.1" 403 0  18
0:0:0:0:0:0:0:1 - - [11/May/2017:11:18:45 +0000] "POST //localhost:8082/api/logout HTTP/1.1" 200 0  1
0:0:0:0:0:0:0:1 - - [11/May/2017:11:18:50 +0000] "POST //localhost:8082/api/admin/findAll HTTP/1.1" 401 0  7
0:0:0:0:0:0:0:1 - - [11/May/2017:11:18:54 +0000] "POST //localhost:8082/api/login HTTP/1.1" 200 0  95
0:0:0:0:0:0:0:1 - - [11/May/2017:11:18:59 +0000] "POST //localhost:8082/api/admin/findAll HTTP/1.1" 405 405  18
0:0:0:0:0:0:0:1 - - [11/May/2017:11:19:02 +0000] "GET //localhost:8082/api/admin/findAll HTTP/1.1" 200 554  210
0:0:0:0:0:0:0:1 - - [11/May/2017:11:28:22 +0000] "POST //localhost:8082/api/login HTTP/1.1" 200 0  186
0:0:0:0:0:0:0:1 - - [11/May/2017:11:28:45 +0000] "GET //localhost:8082/api/admin/findAll HTTP/1.1" 403 0  24
0:0:0:0:0:0:0:1 - - [11/May/2017:11:28:48 +0000] "POST //localhost:8082/api/logout HTTP/1.1" 200 0  1
0:0:0:0:0:0:0:1 - - [11/May/2017:11:28:50 +0000] "POST //localhost:8082/api/login HTTP/1.1" 200 0  99
0:0:0:0:0:0:0:1 - - [11/May/2017:11:28:52 +0000] "GET //localhost:8082/api/admin/findAll HTTP/1.1" 200 554  208
0:0:0:0:0:0:0:1 - - [11/May/2017:11:29:24 +0000] "POST //localhost:8082/api/users/group/getAll HTTP/1.1" 404 338  6
0:0:0:0:0:0:0:1 - - [11/May/2017:11:29:32 +0000] "POST //localhost:8082/api/admin/group/getAll HTTP/1.1" 405 410  11
0:0:0:0:0:0:0:1 - - [11/May/2017:11:29:34 +0000] "GET //localhost:8082/api/admin/group/getAll HTTP/1.1" 200 674  37
0:0:0:0:0:0:0:1 - - [11/May/2017:11:29:51 +0000] "GET //localhost:8082/api/users/1 HTTP/1.1" 200 273  68
0:0:0:0:0:0:0:1 - - [11/May/2017:11:36:35 +0000] "GET //localhost:8082/api/users/1 HTTP/1.1" 401 0  47
0:0:0:0:0:0:0:1 - - [11/May/2017:11:36:39 +0000] "POST //localhost:8082/api/logout HTTP/1.1" 200 0  2
0:0:0:0:0:0:0:1 - - [11/May/2017:11:36:44 +0000] "POST //localhost:8082/api/login HTTP/1.1" 200 0  115
0:0:0:0:0:0:0:1 - - [11/May/2017:11:36:54 +0000] "POST //localhost:8082/api/findAll HTTP/1.1" 405 399  17
0:0:0:0:0:0:0:1 - - [11/May/2017:11:36:58 +0000] "GET //localhost:8082/api/findAll HTTP/1.1" 200 554  199
0:0:0:0:0:0:0:1 - - [11/May/2017:11:38:01 +0000] "POST //localhost:8082/api/logout HTTP/1.1" 200 0  1
0:0:0:0:0:0:0:1 - - [11/May/2017:11:38:06 +0000] "POST //localhost:8082/api/findAll HTTP/1.1" 405 399  3
0:0:0:0:0:0:0:1 - - [11/May/2017:11:38:09 +0000] "GET //localhost:8082/api/findAll HTTP/1.1" 200 554  24
0:0:0:0:0:0:0:1 - - [11/May/2017:11:38:41 +0000] "POST //localhost:8082/api/login HTTP/1.1" 200 0  160
0:0:0:0:0:0:0:1 - - [11/May/2017:11:38:50 +0000] "POST //localhost:8082/api/users/getAll HTTP/1.1" 400 336  71
0:0:0:0:0:0:0:1 - - [11/May/2017:11:39:02 +0000] "GET //localhost:8082/api/users/findAll HTTP/1.1" 200 554  180
0:0:0:0:0:0:0:1 - - [11/May/2017:11:41:25 +0000] "GET //localhost:8082/api/users/findAll HTTP/1.1" 401 0  44
0:0:0:0:0:0:0:1 - - [11/May/2017:11:41:33 +0000] "GET //localhost:8082/api/users/findAll HTTP/1.1" 401 0  7
0:0:0:0:0:0:0:1 - - [11/May/2017:11:41:36 +0000] "POST //localhost:8082/api/login HTTP/1.1" 200 0  122
0:0:0:0:0:0:0:1 - - [11/May/2017:11:41:39 +0000] "GET //localhost:8082/api/users/findAll HTTP/1.1" 200 554  199
0:0:0:0:0:0:0:1 - - [11/May/2017:11:44:17 +0000] "GET //localhost:8082/api/users/1 HTTP/1.1" 200 273  262
0:0:0:0:0:0:0:1 - - [11/May/2017:11:47:29 +0000] "GET //localhost:8082/api/users/1 HTTP/1.1" 401 0  60
0:0:0:0:0:0:0:1 - - [11/May/2017:11:47:32 +0000] "POST //localhost:8082/api/login HTTP/1.1" 200 0  132
0:0:0:0:0:0:0:1 - - [11/May/2017:11:47:46 +0000] "POST //localhost:8082/api/users/admin/getAll HTTP/1.1" 404 338  25
0:0:0:0:0:0:0:1 - - [11/May/2017:11:48:03 +0000] "POST //localhost:8082/api/users/admin/findAll HTTP/1.1" 405 411  4
0:0:0:0:0:0:0:1 - - [11/May/2017:11:48:06 +0000] "GET //localhost:8082/api/users/admin/findAll HTTP/1.1" 200 554  219
0:0:0:0:0:0:0:1 - - [11/May/2017:11:49:37 +0000] "GET //localhost:8082/api/users/1 HTTP/1.1" 401 0  51
0:0:0:0:0:0:0:1 - - [11/May/2017:11:49:39 +0000] "POST //localhost:8082/api/login HTTP/1.1" 200 0  142
0:0:0:0:0:0:0:1 - - [11/May/2017:11:49:45 +0000] "POST //localhost:8082/api/admin/findAll HTTP/1.1" 403 0  2
0:0:0:0:0:0:0:1 - - [11/May/2017:11:49:48 +0000] "POST //localhost:8082/api/logout HTTP/1.1" 200 0  2
0:0:0:0:0:0:0:1 - - [11/May/2017:11:49:50 +0000] "POST //localhost:8082/api/login HTTP/1.1" 200 0  103
0:0:0:0:0:0:0:1 - - [11/May/2017:11:49:59 +0000] "GET //localhost:8082/api/admin/findAll HTTP/1.1" 200 554  234
0:0:0:0:0:0:0:1 - - [11/May/2017:11:53:23 +0000] "POST //localhost:8082/api/users/ HTTP/1.1" 201 0  243
0:0:0:0:0:0:0:1 - - [11/May/2017:12:18:55 +0000] "POST //localhost:8082/api/login HTTP/1.1" 401 0  156
0:0:0:0:0:0:0:1 - - [11/May/2017:12:19:03 +0000] "POST //localhost:8082/api/login HTTP/1.1" 200 0  112
0:0:0:0:0:0:0:1 - - [11/May/2017:12:19:06 +0000] "GET //localhost:8082/api/users/1 HTTP/1.1" 200 291  270
0:0:0:0:0:0:0:1 - - [11/May/2017:12:19:38 +0000] "POST //localhost:8082/api/users HTTP/1.1" 201 0  230
0:0:0:0:0:0:0:1 - - [11/May/2017:12:23:00 +0000] "GET //localhost:8082/api/users/1 HTTP/1.1" 401 0  46
0:0:0:0:0:0:0:1 - - [11/May/2017:12:23:15 +0000] "POST //localhost:8082/api/login HTTP/1.1" 200 0  125
0:0:0:0:0:0:0:1 - - [11/May/2017:12:23:25 +0000] "POST //localhost:8082/api/users HTTP/1.1" 201 0  312
0:0:0:0:0:0:0:1 - - [11/May/2017:12:26:02 +0000] "GET //localhost:8082/api/users/1 HTTP/1.1" 200 291  143
0:0:0:0:0:0:0:1 - - [11/May/2017:12:42:05 +0000] "POST //localhost:8082/api/login HTTP/1.1" 401 0  144
0:0:0:0:0:0:0:1 - - [11/May/2017:12:45:37 +0000] "POST //localhost:8082/api/login HTTP/1.1" 200 0  122
0:0:0:0:0:0:0:1 - - [11/May/2017:12:46:07 +0000] "POST //localhost:8082/api/logout HTTP/1.1" 200 0  2
0:0:0:0:0:0:0:1 - - [11/May/2017:12:46:09 +0000] "POST //localhost:8082/api/login HTTP/1.1" 200 0  94
0:0:0:0:0:0:0:1 - - [11/May/2017:12:46:25 +0000] "GET //localhost:8082/api/admin/findAll HTTP/1.1" 500 40048  152
0:0:0:0:0:0:0:1 - - [11/May/2017:12:49:33 +0000] "POST //localhost:8082/api/login HTTP/1.1" 200 0  141
0:0:0:0:0:0:0:1 - - [11/May/2017:12:49:38 +0000] "GET //localhost:8082/api/admin/findAll HTTP/1.1" 200 1753  310
0:0:0:0:0:0:0:1 - - [11/May/2017:12:58:07 +0000] "POST //localhost:8082/api/login HTTP/1.1" 200 0  140
0:0:0:0:0:0:0:1 - - [11/May/2017:12:58:49 +0000] "POST //localhost:8082/api/login HTTP/1.1" 200 0  158
0:0:0:0:0:0:0:1 - - [11/May/2017:12:59:21 +0000] "POST //localhost:8082/api/users/edit/1 HTTP/1.1" 500 55750  174
0:0:0:0:0:0:0:1 - - [11/May/2017:13:02:24 +0000] "POST //localhost:8082/api/login HTTP/1.1" 200 0  146
0:0:0:0:0:0:0:1 - - [11/May/2017:13:02:41 +0000] "GET //localhost:8082/api/users/1 HTTP/1.1" 200 291  313
0:0:0:0:0:0:0:1 - - [11/May/2017:13:03:12 +0000] "POST //localhost:8082/api/users/edit/1 HTTP/1.1" 500 55750  127
0:0:0:0:0:0:0:1 - - [11/May/2017:13:07:40 +0000] "POST //localhost:8082/api/login HTTP/1.1" 200 0  154
0:0:0:0:0:0:0:1 - - [11/May/2017:13:07:47 +0000] "POST //localhost:8082/api/users/edit/1 HTTP/1.1" 500 55750  199
0:0:0:0:0:0:0:1 - - [11/May/2017:13:11:52 +0000] "POST //localhost:8082/api/login HTTP/1.1" 200 0  151
0:0:0:0:0:0:0:1 - - [11/May/2017:13:12:09 +0000] "GET //localhost:8082/api/users/1 HTTP/1.1" 200 291  290
0:0:0:0:0:0:0:1 - - [11/May/2017:13:12:42 +0000] "POST //localhost:8082/api/users/edit/1 HTTP/1.1" 500 55750  129
0:0:0:0:0:0:0:1 - - [11/May/2017:13:14:47 +0000] "POST //localhost:8082/api/login HTTP/1.1" 200 0  145
0:0:0:0:0:0:0:1 - - [11/May/2017:13:15:50 +0000] "POST //localhost:8082/api/users/edit/1 HTTP/1.1" 500 51575  182
0:0:0:0:0:0:0:1 - - [11/May/2017:13:21:55 +0000] "POST //localhost:8082/api/login HTTP/1.1" 200 0  137
0:0:0:0:0:0:0:1 - - [11/May/2017:13:22:41 +0000] "POST //localhost:8082/api/users/edit/1 HTTP/1.1" 500 16424  100
0:0:0:0:0:0:0:1 - - [11/May/2017:13:22:54 +0000] "POST //localhost:8082/api/users/edit/1 HTTP/1.1" 500 16424  12
0:0:0:0:0:0:0:1 - - [11/May/2017:13:24:48 +0000] "POST //localhost:8082/api/login HTTP/1.1" 200 0  144
0:0:0:0:0:0:0:1 - - [11/May/2017:13:25:09 +0000] "POST //localhost:8082/api/users/edit/1 HTTP/1.1" 404 332  45
0:0:0:0:0:0:0:1 - - [11/May/2017:13:25:23 +0000] "POST //localhost:8082/api/users/edit HTTP/1.1" 500 16422  62
0:0:0:0:0:0:0:1 - - [11/May/2017:13:25:55 +0000] "POST //localhost:8082/api/login HTTP/1.1" 200 0  165
0:0:0:0:0:0:0:1 - - [11/May/2017:13:25:59 +0000] "POST //localhost:8082/api/users/edit/1 HTTP/1.1" 404 332  32
0:0:0:0:0:0:0:1 - - [11/May/2017:13:26:03 +0000] "POST //localhost:8082/api/users/edit HTTP/1.1" 500 16422  76073
0:0:0:0:0:0:0:1 - - [11/May/2017:13:29:33 +0000] "POST //localhost:8082/api/login HTTP/1.1" 200 0  133
0:0:0:0:0:0:0:1 - - [11/May/2017:13:29:44 +0000] "POST //localhost:8082/api/users/edit HTTP/1.1" 500 16422  86
0:0:0:0:0:0:0:1 - - [11/May/2017:13:31:37 +0000] "POST //localhost:8082/api/login HTTP/1.1" 200 0  181
0:0:0:0:0:0:0:1 - - [11/May/2017:13:33:34 +0000] "POST //localhost:8082/api/users/edit HTTP/1.1" 500 16422  1683
0:0:0:0:0:0:0:1 - - [11/May/2017:13:31:49 +0000] "POST //localhost:8082/api/users/edit HTTP/1.1" 500 16422  106932
0:0:0:0:0:0:0:1 - - [11/May/2017:13:33:39 +0000] "POST //localhost:8082/api/users/edit HTTP/1.1" 500 16422  59366
0:0:0:0:0:0:0:1 - - [11/May/2017:13:36:01 +0000] "POST //localhost:8082/api/login HTTP/1.1" 200 0  196
0:0:0:0:0:0:0:1 - - [11/May/2017:13:36:05 +0000] "POST //localhost:8082/api/users/edit/1 HTTP/1.1" 500 53131  25803
0:0:0:0:0:0:0:1 - - [11/May/2017:13:37:28 +0000] "POST //localhost:8082/api/login HTTP/1.1" 200 0  144
0:0:0:0:0:0:0:1 - - [11/May/2017:13:37:30 +0000] "POST //localhost:8082/api/users/edit/1 HTTP/1.1" 500 52871  207
0:0:0:0:0:0:0:1 - - [11/May/2017:13:38:21 +0000] "POST //localhost:8082/api/login HTTP/1.1" 200 0  146
0:0:0:0:0:0:0:1 - - [11/May/2017:13:38:24 +0000] "POST //localhost:8082/api/users/edit/1 HTTP/1.1" 500 52935  214
0:0:0:0:0:0:0:1 - - [11/May/2017:13:39:05 +0000] "POST //localhost:8082/api/login HTTP/1.1" 200 0  153
0:0:0:0:0:0:0:1 - - [11/May/2017:13:39:08 +0000] "POST //localhost:8082/api/users/edit/1 HTTP/1.1" 200 0  500
0:0:0:0:0:0:0:1 - - [11/May/2017:13:39:18 +0000] "GET //localhost:8082/api/users/1 HTTP/1.1" 200 287  142
